This is LuaHBTeX, Version 1.15.0 (MiKTeX 22.7) (format=lualatex 2022.11.16)  9 APR 2024 17:52
 restricted system commands enabled.
 file:line:error style messages enabled.
**"c:/Users/timot/OneDrive/Documents/GitHub/beamer_presentations/AKLT states as
 ZX diagrams/main"

("c:/Users/timot/OneDrive/Documents/GitHub/beamer_presentations/AKLT states as 
ZX diagrams/main.tex"
LaTeX2e <2022-06-01> patch level 5
Lua module: luaotfload 2022-06-15 3.22 Lua based OpenType font support
Lua module: lualibs 2021-05-20 2.74 ConTeXt Lua standard libraries.
Lua module: lualibs-extended 2021-05-20 2.74 ConTeXt Lua libraries -- extended c
ollection.
luaotfload | conf : Root cache directory is "C:/Users/timot/AppData/Local/MiKTeX
/luatex-cache/generic/names".
luaotfload | init : Loading fontloader "fontloader-2022-06-15.lua" from kpse-res
olved path "C:/Users/timot/AppData/Local/Programs/MiKTeX/tex/luatex/luaotfload/f
ontloader-2022-06-15.lua".
Lua-only attribute luaotfload@noligature = 1
luaotfload | init : Context OpenType loader version 3.120
Inserting `luaotfload.node_processor' at position 1 in `pre_linebreak_filter'.
Inserting `luaotfload.node_processor' at position 1 in `hpack_filter'.
Inserting `luaotfload.glyph_stream' at position 1 in `glyph_stream_provider'.
Inserting `luaotfload.define_font' at position 1 in `define_font'.
Lua-only attribute luaotfload_color_attribute = 2
luaotfload | conf : Root cache directory is "C:/Users/timot/AppData/Local/MiKTeX
/luatex-cache/generic/names".
Inserting `luaotfload.harf.strip_prefix' at position 1 in `find_opentype_file'.
Inserting `luaotfload.harf.strip_prefix' at position 1 in `find_truetype_file'.
Removing  `luaotfload.glyph_stream' from `glyph_stream_provider'.
Inserting `luaotfload.harf.glyphstream' at position 1 in `glyph_stream_provider'
.
Inserting `luaotfload.harf.finalize_vlist' at position 1 in `post_linebreak_filt
er'.
Inserting `luaotfload.harf.finalize_hlist' at position 2 in `hpack_filter'.
Inserting `luaotfload.cleanup_files' at position 1 in `wrapup_run'.
Inserting `luaotfload.harf.finalize_unicode' at position 1 in `finish_pdffile'.
Inserting `luaotfload.glyphinfo' at position 1 in `glyph_info'.
Lua-only attribute luaotfload.letterspace_done = 3
Inserting `luaotfload.aux.set_sscale_dimens' at position 1 in `luaotfload.patch_
font'.
Inserting `luaotfload.aux.set_font_index' at position 2 in `luaotfload.patch_fon
t'.
Inserting `luaotfload.aux.patch_cambria_domh' at position 3 in `luaotfload.patch
_font'.
Inserting `luaotfload.aux.fixup_fontdata' at position 1 in `luaotfload.patch_fon
t_unsafe'.
Inserting `luaotfload.aux.set_capheight' at position 4 in `luaotfload.patch_font
'.
Inserting `luaotfload.aux.set_xheight' at position 5 in `luaotfload.patch_font'.
Inserting `luaotfload.rewrite_fontname' at position 6 in `luaotfload.patch_font'
. L3 programming layer <2022-07-04>
Inserting `tracingstacklevels' at position 1 in `input_level_string'.
(C:/Users/timot/AppData/Local/Programs/MiKTeX/tex/latex/beamer/beamer.cls
Document Class: beamer 2024/01/06 v3.71 A class for typesetting presentations

(C:/Users/timot/AppData/Local/Programs/MiKTeX/tex/latex/beamer/beamerbasemodes.
sty
(C:/Users/timot/AppData/Local/Programs/MiKTeX/tex/latex/etoolbox/etoolbox.sty
Package: etoolbox 2020/10/05 v2.5k e-TeX tools for LaTeX (JAW)
\etb@tempcnta=\count183
)
\beamer@tempbox=\box51
\beamer@tempcount=\count184
\c@beamerpauses=\count185

(C:/Users/timot/AppData/Local/Programs/MiKTeX/tex/latex/beamer/beamerbasedecode
.sty
\beamer@slideinframe=\count186
\beamer@minimum=\count187
\beamer@decode@box=\box52
)
\beamer@commentbox=\box53
\beamer@modecount=\count188
)
(C:/Users/timot/AppData/Local/Programs/MiKTeX/tex/generic/iftex/iftex.sty
Package: iftex 2022/02/03 v1.0f TeX engine tests
)
\headdp=\dimen137
\footheight=\dimen138
\sidebarheight=\dimen139
\beamer@tempdim=\dimen140
\beamer@finalheight=\dimen141
\beamer@animht=\dimen142
\beamer@animdp=\dimen143
\beamer@animwd=\dimen144
\beamer@leftmargin=\dimen145
\beamer@rightmargin=\dimen146
\beamer@leftsidebar=\dimen147
\beamer@rightsidebar=\dimen148
\beamer@boxsize=\dimen149
\beamer@vboxoffset=\dimen150
\beamer@descdefault=\dimen151
\beamer@descriptionwidth=\dimen152
\beamer@lastskip=\skip47
\beamer@areabox=\box54
\beamer@animcurrent=\box55
\beamer@animshowbox=\box56
\beamer@sectionbox=\box57
\beamer@logobox=\box58
\beamer@linebox=\box59
\beamer@sectioncount=\count189
\beamer@subsubsectionmax=\count190
\beamer@subsectionmax=\count191
\beamer@sectionmax=\count192
\beamer@totalheads=\count193
\beamer@headcounter=\count194
\beamer@partstartpage=\count195
\beamer@sectionstartpage=\count196
\beamer@subsectionstartpage=\count197
\beamer@animationtempa=\count198
\beamer@animationtempb=\count199
\beamer@xpos=\count266
\beamer@ypos=\count267
\beamer@ypos@offset=\count268
\beamer@showpartnumber=\count269
\beamer@currentsubsection=\count270
\beamer@coveringdepth=\count271
\beamer@sectionadjust=\count272
\beamer@toclastsection=\count273
\beamer@tocsectionnumber=\count274

(C:/Users/timot/AppData/Local/Programs/MiKTeX/tex/latex/beamer/beamerbaseoption
s.sty
(C:/Users/timot/AppData/Local/Programs/MiKTeX/tex/latex/graphics/keyval.sty
Package: keyval 2022/05/29 v1.15 key=value parser (DPC)
\KV@toks@=\toks16
))
\beamer@paperwidth=\skip48
\beamer@paperheight=\skip49

(C:/Users/timot/AppData/Local/Programs/MiKTeX/tex/latex/geometry/geometry.sty
Package: geometry 2020/01/02 v5.9 Page Geometry

(C:/Users/timot/AppData/Local/Programs/MiKTeX/tex/generic/iftex/ifvtex.sty
Package: ifvtex 2019/10/25 v1.7 ifvtex legacy package. Use iftex instead.
)
\Gm@cnth=\count275
\Gm@cntv=\count276
\c@Gm@tempcnt=\count277
\Gm@bindingoffset=\dimen153
\Gm@wd@mp=\dimen154
\Gm@odd@mp=\dimen155
\Gm@even@mp=\dimen156
\Gm@layoutwidth=\dimen157
\Gm@layoutheight=\dimen158
\Gm@layouthoffset=\dimen159
\Gm@layoutvoffset=\dimen160
\Gm@dimlist=\toks17

(C:/Users/timot/AppData/Local/Programs/MiKTeX/tex/latex/geometry/geometry.cfg)) (C:/Users/timot/AppData/Local/Programs/MiKTeX/tex/latex/pgf/math/pgfmath.sty
(C:/Users/timot/AppData/Local/Programs/MiKTeX/tex/latex/pgf/utilities/pgfrcs.st
y
(C:/Users/timot/AppData/Local/Programs/MiKTeX/tex/generic/pgf/utilities/pgfutil
-common.tex
\pgfutil@everybye=\toks18
\pgfutil@tempdima=\dimen161
\pgfutil@tempdimb=\dimen162

(C:/Users/timot/AppData/Local/Programs/MiKTeX/tex/generic/pgf/utilities/pgfutil
-common-lists.tex))
(C:/Users/timot/AppData/Local/Programs/MiKTeX/tex/generic/pgf/utilities/pgfutil
-latex.def
\pgfutil@abb=\box60
)
(C:/Users/timot/AppData/Local/Programs/MiKTeX/tex/generic/pgf/utilities/pgfrcs.
code.tex
(C:/Users/timot/AppData/Local/Programs/MiKTeX/tex/generic/pgf/pgf.revision.tex)
Package: pgfrcs 2021/05/15 v3.1.9a (3.1.9a)
))
(C:/Users/timot/AppData/Local/Programs/MiKTeX/tex/latex/pgf/utilities/pgfkeys.s
ty
(C:/Users/timot/AppData/Local/Programs/MiKTeX/tex/generic/pgf/utilities/pgfkeys
.code.tex
\pgfkeys@pathtoks=\toks19
\pgfkeys@temptoks=\toks20

(C:/Users/timot/AppData/Local/Programs/MiKTeX/tex/generic/pgf/utilities/pgfkeys
filtered.code.tex
\pgfkeys@tmptoks=\toks21
)))
(C:/Users/timot/AppData/Local/Programs/MiKTeX/tex/generic/pgf/math/pgfmath.code
.tex
(C:/Users/timot/AppData/Local/Programs/MiKTeX/tex/generic/pgf/math/pgfmathcalc.
code.tex
(C:/Users/timot/AppData/Local/Programs/MiKTeX/tex/generic/pgf/math/pgfmathutil.
code.tex
\pgf@x=\dimen163
\pgf@xa=\dimen164
\pgf@xb=\dimen165
\pgf@xc=\dimen166
\pgf@y=\dimen167
\pgf@ya=\dimen168
\pgf@yb=\dimen169
\pgf@yc=\dimen170
\c@pgf@counta=\count278
\c@pgf@countb=\count279
\c@pgf@countc=\count280
\c@pgf@countd=\count281
)
(C:/Users/timot/AppData/Local/Programs/MiKTeX/tex/generic/pgf/math/pgfmathparse
r.code.tex
\pgfmath@dimen=\dimen171
\pgfmath@count=\count282
\pgfmath@box=\box61
\pgfmath@toks=\toks22
\pgfmath@stack@operand=\toks23
\pgfmath@stack@operation=\toks24
)
(C:/Users/timot/AppData/Local/Programs/MiKTeX/tex/generic/pgf/math/pgfmathfunct
ions.code.tex
(C:/Users/timot/AppData/Local/Programs/MiKTeX/tex/generic/pgf/math/pgfmathfunct
ions.basic.code.tex)
(C:/Users/timot/AppData/Local/Programs/MiKTeX/tex/generic/pgf/math/pgfmathfunct
ions.trigonometric.code.tex)
(C:/Users/timot/AppData/Local/Programs/MiKTeX/tex/generic/pgf/math/pgfmathfunct
ions.random.code.tex)
(C:/Users/timot/AppData/Local/Programs/MiKTeX/tex/generic/pgf/math/pgfmathfunct
ions.comparison.code.tex)
(C:/Users/timot/AppData/Local/Programs/MiKTeX/tex/generic/pgf/math/pgfmathfunct
ions.base.code.tex)
(C:/Users/timot/AppData/Local/Programs/MiKTeX/tex/generic/pgf/math/pgfmathfunct
ions.round.code.tex)
(C:/Users/timot/AppData/Local/Programs/MiKTeX/tex/generic/pgf/math/pgfmathfunct
ions.misc.code.tex)
(C:/Users/timot/AppData/Local/Programs/MiKTeX/tex/generic/pgf/math/pgfmathfunct
ions.integerarithmetics.code.tex)))
(C:/Users/timot/AppData/Local/Programs/MiKTeX/tex/generic/pgf/math/pgfmathfloat
.code.tex
\c@pgfmathroundto@lastzeros=\count283
)))
(C:/Users/timot/AppData/Local/Programs/MiKTeX/tex/latex/base/size11.clo
File: size11.clo 2021/10/04 v1.4n Standard LaTeX file (size option)
luaotfload | db : Font names database loaded from C:/Users/timot/AppData/Local/M
iKTeX/luatex-cache/generic/names/luaotfload-names.luc.gz)
(C:/Users/timot/AppData/Local/Programs/MiKTeX/tex/latex/pgf/basiclayer/pgfcore.
sty
(C:/Users/timot/AppData/Local/Programs/MiKTeX/tex/latex/graphics/graphicx.sty
Package: graphicx 2021/09/16 v1.2d Enhanced LaTeX Graphics (DPC,SPQR)

(C:/Users/timot/AppData/Local/Programs/MiKTeX/tex/latex/graphics/graphics.sty
Package: graphics 2022/03/10 v1.4e Standard LaTeX Graphics (DPC,SPQR)

(C:/Users/timot/AppData/Local/Programs/MiKTeX/tex/latex/graphics/trig.sty
Package: trig 2021/08/11 v1.11 sin cos tan (DPC)
)
(C:/Users/timot/AppData/Local/Programs/MiKTeX/tex/latex/graphics-cfg/graphics.c
fg
File: graphics.cfg 2016/06/04 v1.11 sample graphics configuration
)
Package graphics Info: Driver file: luatex.def on input line 107.

(C:/Users/timot/AppData/Local/Programs/MiKTeX/tex/latex/graphics-def/luatex.def
File: luatex.def 2021/06/01 v1.2c Graphics/color driver for luatex
))
\Gin@req@height=\dimen172
\Gin@req@width=\dimen173
)
(C:/Users/timot/AppData/Local/Programs/MiKTeX/tex/latex/pgf/systemlayer/pgfsys.
sty
(C:/Users/timot/AppData/Local/Programs/MiKTeX/tex/generic/pgf/systemlayer/pgfsy
s.code.tex
Package: pgfsys 2021/05/15 v3.1.9a (3.1.9a)

(C:/Users/timot/AppData/Local/Programs/MiKTeX/tex/generic/pgf/utilities/pgfkeys
.code.tex)
\pgf@x=\dimen174
\pgf@y=\dimen175
\pgf@xa=\dimen176
\pgf@ya=\dimen177
\pgf@xb=\dimen178
\pgf@yb=\dimen179
\pgf@xc=\dimen180
\pgf@yc=\dimen181
\pgf@xd=\dimen182
\pgf@yd=\dimen183
\w@pgf@writea=\write3
\r@pgf@reada=\read2
\c@pgf@counta=\count284
\c@pgf@countb=\count285
\c@pgf@countc=\count286
\c@pgf@countd=\count287
\t@pgf@toka=\toks25
\t@pgf@tokb=\toks26
\t@pgf@tokc=\toks27
\pgf@sys@id@count=\count288

(C:/Users/timot/AppData/Local/Programs/MiKTeX/tex/generic/pgf/systemlayer/pgf.c
fg
File: pgf.cfg 2021/05/15 v3.1.9a (3.1.9a)
)
Driver file for pgf: pgfsys-luatex.def

(C:/Users/timot/AppData/Local/Programs/MiKTeX/tex/generic/pgf/systemlayer/pgfsy
s-luatex.def
File: pgfsys-luatex.def 2021/05/15 v3.1.9a (3.1.9a)

(C:/Users/timot/AppData/Local/Programs/MiKTeX/tex/generic/pgf/systemlayer/pgfsy
s-common-pdf.def
File: pgfsys-common-pdf.def 2021/05/15 v3.1.9a (3.1.9a)
)))
(C:/Users/timot/AppData/Local/Programs/MiKTeX/tex/generic/pgf/systemlayer/pgfsy
ssoftpath.code.tex
File: pgfsyssoftpath.code.tex 2021/05/15 v3.1.9a (3.1.9a)
\pgfsyssoftpath@smallbuffer@items=\count289
\pgfsyssoftpath@bigbuffer@items=\count290
)
(C:/Users/timot/AppData/Local/Programs/MiKTeX/tex/generic/pgf/systemlayer/pgfsy
sprotocol.code.tex
File: pgfsysprotocol.code.tex 2021/05/15 v3.1.9a (3.1.9a)
))
(C:/Users/timot/AppData/Local/Programs/MiKTeX/tex/latex/xcolor/xcolor.sty
Package: xcolor 2022/06/12 v2.14 LaTeX color extensions (UK)

(C:/Users/timot/AppData/Local/Programs/MiKTeX/tex/latex/graphics-cfg/color.cfg
File: color.cfg 2016/01/02 v1.6 sample color configuration
)
Package xcolor Info: Driver file: luatex.def on input line 227.

(C:/Users/timot/AppData/Local/Programs/MiKTeX/tex/latex-dev/graphics/mathcolor.
ltx)
Package xcolor Info: Model `cmy' substituted by `cmy0' on input line 1353.
Package xcolor Info: Model `hsb' substituted by `rgb' on input line 1357.
Package xcolor Info: Model `RGB' extended on input line 1369.
Package xcolor Info: Model `HTML' substituted by `rgb' on input line 1371.
Package xcolor Info: Model `Hsb' substituted by `hsb' on input line 1372.
Package xcolor Info: Model `tHsb' substituted by `hsb' on input line 1373.
Package xcolor Info: Model `HSB' substituted by `hsb' on input line 1374.
Package xcolor Info: Model `Gray' substituted by `gray' on input line 1375.
Package xcolor Info: Model `wave' substituted by `hsb' on input line 1376.

(C:/Users/timot/AppData/Local/Programs/MiKTeX/tex/latex/graphics/dvipsnam.def
File: dvipsnam.def 2016/06/17 v3.0m Driver-dependent file (DPC,SPQR)
))
(C:/Users/timot/AppData/Local/Programs/MiKTeX/tex/generic/pgf/basiclayer/pgfcor
e.code.tex
Package: pgfcore 2021/05/15 v3.1.9a (3.1.9a)

(C:/Users/timot/AppData/Local/Programs/MiKTeX/tex/generic/pgf/math/pgfmath.code
.tex)
(C:/Users/timot/AppData/Local/Programs/MiKTeX/tex/generic/pgf/math/pgfint.code.
tex)
(C:/Users/timot/AppData/Local/Programs/MiKTeX/tex/generic/pgf/basiclayer/pgfcor
epoints.code.tex
File: pgfcorepoints.code.tex 2021/05/15 v3.1.9a (3.1.9a)
\pgf@picminx=\dimen184
\pgf@picmaxx=\dimen185
\pgf@picminy=\dimen186
\pgf@picmaxy=\dimen187
\pgf@pathminx=\dimen188
\pgf@pathmaxx=\dimen189
\pgf@pathminy=\dimen190
\pgf@pathmaxy=\dimen191
\pgf@xx=\dimen192
\pgf@xy=\dimen193
\pgf@yx=\dimen194
\pgf@yy=\dimen195
\pgf@zx=\dimen196
\pgf@zy=\dimen197
)
(C:/Users/timot/AppData/Local/Programs/MiKTeX/tex/generic/pgf/basiclayer/pgfcor
epathconstruct.code.tex
File: pgfcorepathconstruct.code.tex 2021/05/15 v3.1.9a (3.1.9a)
\pgf@path@lastx=\dimen198
\pgf@path@lasty=\dimen199
)
(C:/Users/timot/AppData/Local/Programs/MiKTeX/tex/generic/pgf/basiclayer/pgfcor
epathusage.code.tex
File: pgfcorepathusage.code.tex 2021/05/15 v3.1.9a (3.1.9a)
\pgf@shorten@end@additional=\dimen256
\pgf@shorten@start@additional=\dimen257
)
(C:/Users/timot/AppData/Local/Programs/MiKTeX/tex/generic/pgf/basiclayer/pgfcor
escopes.code.tex
File: pgfcorescopes.code.tex 2021/05/15 v3.1.9a (3.1.9a)
\pgfpic=\box62
\pgf@hbox=\box63
\pgf@layerbox@main=\box64
\pgf@picture@serial@count=\count291
)
(C:/Users/timot/AppData/Local/Programs/MiKTeX/tex/generic/pgf/basiclayer/pgfcor
egraphicstate.code.tex
File: pgfcoregraphicstate.code.tex 2021/05/15 v3.1.9a (3.1.9a)
\pgflinewidth=\dimen258
)
(C:/Users/timot/AppData/Local/Programs/MiKTeX/tex/generic/pgf/basiclayer/pgfcor
etransformations.code.tex
File: pgfcoretransformations.code.tex 2021/05/15 v3.1.9a (3.1.9a)
\pgf@pt@x=\dimen259
\pgf@pt@y=\dimen260
\pgf@pt@temp=\dimen261
)
(C:/Users/timot/AppData/Local/Programs/MiKTeX/tex/generic/pgf/basiclayer/pgfcor
equick.code.tex
File: pgfcorequick.code.tex 2021/05/15 v3.1.9a (3.1.9a)
)
(C:/Users/timot/AppData/Local/Programs/MiKTeX/tex/generic/pgf/basiclayer/pgfcor
eobjects.code.tex
File: pgfcoreobjects.code.tex 2021/05/15 v3.1.9a (3.1.9a)
)
(C:/Users/timot/AppData/Local/Programs/MiKTeX/tex/generic/pgf/basiclayer/pgfcor
epathprocessing.code.tex
File: pgfcorepathprocessing.code.tex 2021/05/15 v3.1.9a (3.1.9a)
)
(C:/Users/timot/AppData/Local/Programs/MiKTeX/tex/generic/pgf/basiclayer/pgfcor
earrows.code.tex
File: pgfcorearrows.code.tex 2021/05/15 v3.1.9a (3.1.9a)
\pgfarrowsep=\dimen262
)
(C:/Users/timot/AppData/Local/Programs/MiKTeX/tex/generic/pgf/basiclayer/pgfcor
eshade.code.tex
File: pgfcoreshade.code.tex 2021/05/15 v3.1.9a (3.1.9a)
\pgf@max=\dimen263
\pgf@sys@shading@range@num=\count292
\pgf@shadingcount=\count293
)
(C:/Users/timot/AppData/Local/Programs/MiKTeX/tex/generic/pgf/basiclayer/pgfcor
eimage.code.tex
File: pgfcoreimage.code.tex 2021/05/15 v3.1.9a (3.1.9a)

(C:/Users/timot/AppData/Local/Programs/MiKTeX/tex/generic/pgf/basiclayer/pgfcor
eexternal.code.tex
File: pgfcoreexternal.code.tex 2021/05/15 v3.1.9a (3.1.9a)
\pgfexternal@startupbox=\box65
))
(C:/Users/timot/AppData/Local/Programs/MiKTeX/tex/generic/pgf/basiclayer/pgfcor
elayers.code.tex
File: pgfcorelayers.code.tex 2021/05/15 v3.1.9a (3.1.9a)
)
(C:/Users/timot/AppData/Local/Programs/MiKTeX/tex/generic/pgf/basiclayer/pgfcor
etransparency.code.tex
File: pgfcoretransparency.code.tex 2021/05/15 v3.1.9a (3.1.9a)
)
(C:/Users/timot/AppData/Local/Programs/MiKTeX/tex/generic/pgf/basiclayer/pgfcor
epatterns.code.tex
File: pgfcorepatterns.code.tex 2021/05/15 v3.1.9a (3.1.9a)
)
(C:/Users/timot/AppData/Local/Programs/MiKTeX/tex/generic/pgf/basiclayer/pgfcor
erdf.code.tex
File: pgfcorerdf.code.tex 2021/05/15 v3.1.9a (3.1.9a)
)))
(C:/Users/timot/AppData/Local/Programs/MiKTeX/tex/latex/pgf/utilities/xxcolor.s
ty
Package: xxcolor 2003/10/24 ver 0.1
\XC@nummixins=\count294
\XC@countmixins=\count295
)
(C:/Users/timot/AppData/Local/Programs/MiKTeX/tex/latex/base/atbegshi-ltx.sty
Package: atbegshi-ltx 2021/01/10 v1.0c Emulation of the original atbegshi
package with kernel methods
)
(C:/Users/timot/AppData/Local/Programs/MiKTeX/tex/latex/hyperref/hyperref.sty
Package: hyperref 2022-06-20 v7.00s Hypertext links for LaTeX

(C:/Users/timot/AppData/Local/Programs/MiKTeX/tex/generic/ltxcmds/ltxcmds.sty
Package: ltxcmds 2020-05-10 v1.25 LaTeX kernel commands for general use (HO)
)
(C:/Users/timot/AppData/Local/Programs/MiKTeX/tex/generic/pdftexcmds/pdftexcmds
.sty
Package: pdftexcmds 2020-06-27 v0.33 Utility functions of pdfTeX for LuaTeX (HO
)

(C:/Users/timot/AppData/Local/Programs/MiKTeX/tex/generic/infwarerr/infwarerr.s
ty
Package: infwarerr 2019/12/03 v1.5 Providing info/warning/error messages (HO)
)
Package pdftexcmds Info: \pdf@primitive is available.
Package pdftexcmds Info: \pdf@ifprimitive is available.
Package pdftexcmds Info: \pdfdraftmode found.
\pdftexcmds@toks=\toks28
)
(C:/Users/timot/AppData/Local/Programs/MiKTeX/tex/latex/kvsetkeys/kvsetkeys.sty
Package: kvsetkeys 2022-10-05 v1.19 Key value parser (HO)
)
(C:/Users/timot/AppData/Local/Programs/MiKTeX/tex/generic/kvdefinekeys/kvdefine
keys.sty
Package: kvdefinekeys 2019-12-19 v1.6 Define keys (HO)
)
(C:/Users/timot/AppData/Local/Programs/MiKTeX/tex/generic/pdfescape/pdfescape.s
ty
Package: pdfescape 2019/12/09 v1.15 Implements pdfTeX's escape features (HO)
) (C:/Users/timot/AppData/Local/Programs/MiKTeX/tex/latex/hycolor/hycolor.sty
Package: hycolor 2020-01-27 v1.10 Color options for hyperref/bookmark (HO)
)
(C:/Users/timot/AppData/Local/Programs/MiKTeX/tex/latex/letltxmacro/letltxmacro
.sty
Package: letltxmacro 2019/12/03 v1.6 Let assignment for LaTeX macros (HO)
)
(C:/Users/timot/AppData/Local/Programs/MiKTeX/tex/latex/auxhook/auxhook.sty
Package: auxhook 2019-12-17 v1.6 Hooks for auxiliary files (HO)
)
(C:/Users/timot/AppData/Local/Programs/MiKTeX/tex/latex/hyperref/nameref.sty
Package: nameref 2022-05-17 v2.50 Cross-referencing by name of section

(C:/Users/timot/AppData/Local/Programs/MiKTeX/tex/latex/refcount/refcount.sty
Package: refcount 2019/12/15 v3.6 Data extraction from label references (HO)
)
(C:/Users/timot/AppData/Local/Programs/MiKTeX/tex/generic/gettitlestring/gettit
lestring.sty
Package: gettitlestring 2019/12/15 v1.6 Cleanup title references (HO)

(C:/Users/timot/AppData/Local/Programs/MiKTeX/tex/latex/kvoptions/kvoptions.sty
Package: kvoptions 2022-06-15 v3.15 Key value format for package options (HO)
))
\c@section@level=\count296
)
\@linkdim=\dimen264
\Hy@linkcounter=\count297
\Hy@pagecounter=\count298
 (C:/Users/timot/AppData/Local/Programs/MiKTeX/tex/latex/hyperref/pd1enc.def
File: pd1enc.def 2022-06-20 v7.00s Hyperref: PDFDocEncoding definition (HO)
) (C:/Users/timot/AppData/Local/Programs/MiKTeX/tex/generic/intcalc/intcalc.sty
Package: intcalc 2019/12/15 v1.3 Expandable calculations with integers (HO)
)
(C:/Users/timot/AppData/Local/Programs/MiKTeX/tex/generic/etexcmds/etexcmds.sty
Package: etexcmds 2019/12/15 v1.7 Avoid name clashes with e-TeX commands (HO)
)
\Hy@SavedSpaceFactor=\count299
 (C:/Users/timot/AppData/Local/Programs/MiKTeX/tex/latex/hyperref/puenc.def
File: puenc.def 2022-06-20 v7.00s Hyperref: PDF Unicode definition (HO)
)
Package hyperref Info: Option `bookmarks' set `true' on input line 4045.
Package hyperref Info: Option `bookmarksopen' set `true' on input line 4045.
Package hyperref Info: Option `implicit' set `false' on input line 4045.
Package hyperref Info: Hyper figures OFF on input line 4162.
Package hyperref Info: Link nesting OFF on input line 4167.
Package hyperref Info: Hyper index ON on input line 4170.
Package hyperref Info: Plain pages OFF on input line 4177.
Package hyperref Info: Backreferencing OFF on input line 4182.
Package hyperref Info: Implicit mode OFF; no redefinition of LaTeX internals.
Package hyperref Info: Bookmarks ON on input line 4408.
\c@Hy@tempcnt=\count300

(C:/Users/timot/AppData/Local/Programs/MiKTeX/tex/latex/url/url.sty
\Urlmuskip=\muskip16
Package: url 2013/09/16  ver 3.4  Verb mode for urls, etc.
)
LaTeX Info: Redefining \url on input line 4746.
\XeTeXLinkMargin=\dimen265

(C:/Users/timot/AppData/Local/Programs/MiKTeX/tex/generic/bitset/bitset.sty
Package: bitset 2019/12/09 v1.3 Handle bit-vector datatype (HO)

(C:/Users/timot/AppData/Local/Programs/MiKTeX/tex/generic/bigintcalc/bigintcalc
.sty
Package: bigintcalc 2019/12/15 v1.5 Expandable calculations on big integers (HO
)
))
\Fld@menulength=\count301
\Field@Width=\dimen266
\Fld@charsize=\dimen267
Package hyperref Info: Hyper figures OFF on input line 6024.
Package hyperref Info: Link nesting OFF on input line 6029.
Package hyperref Info: Hyper index ON on input line 6032.
Package hyperref Info: backreferencing OFF on input line 6039.
Package hyperref Info: Link coloring OFF on input line 6044.
Package hyperref Info: Link coloring with OCG OFF on input line 6049.
Package hyperref Info: PDF/A mode OFF on input line 6054.
\Hy@abspage=\count302


Package hyperref Message: Stopped early.

)
Package hyperref Info: Driver (autodetected): hluatex.
 (C:/Users/timot/AppData/Local/Programs/MiKTeX/tex/latex/hyperref/hluatex.def
File: hluatex.def 2022-06-20 v7.00s Hyperref driver for luaTeX

(C:/Users/timot/AppData/Local/Programs/MiKTeX/tex/generic/stringenc/stringenc.s
ty
Package: stringenc 2019/11/29 v1.12 Convert strings between diff. encodings (HO
)
)
(C:/Users/timot/AppData/Local/Programs/MiKTeX/tex/latex/base/atveryend-ltx.sty
Package: atveryend-ltx 2020/08/19 v1.0a Emulation of the original atveryend pac
kage
with kernel methods
)
\Fld@listcount=\count303
\c@bookmark@seq@number=\count304

(C:/Users/timot/AppData/Local/Programs/MiKTeX/tex/latex/rerunfilecheck/rerunfil
echeck.sty
Package: rerunfilecheck 2022-07-10 v1.10 Rerun checks for auxiliary files (HO)

(C:/Users/timot/AppData/Local/Programs/MiKTeX/tex/generic/uniquecounter/uniquec
ounter.sty
Package: uniquecounter 2019/12/15 v1.4 Provide unlimited unique counter (HO)
)
Package uniquecounter Info: New unique counter `rerunfilecheck' on input line 2
85.
))
(C:/Users/timot/AppData/Local/Programs/MiKTeX/tex/latex/beamer/beamerbaserequir
es.sty
(C:/Users/timot/AppData/Local/Programs/MiKTeX/tex/latex/beamer/beamerbasecompat
ibility.sty)
(C:/Users/timot/AppData/Local/Programs/MiKTeX/tex/latex/beamer/beamerbasefont.s
ty (C:/Users/timot/AppData/Local/Programs/MiKTeX/tex/latex/amsfonts/amssymb.sty
Package: amssymb 2013/01/14 v3.01 AMS font symbols
(C:/Users/timot/AppData/Local/Programs/MiKTeX/tex/latex/amsfonts/amsfonts.sty
Package: amsfonts 2013/01/14 v3.01 Basic AMSFonts support
\@emptytoks=\toks29
\symAMSa=\mathgroup4
\symAMSb=\mathgroup5
LaTeX Font Info:    Redeclaring math symbol \hbar on input line 98.
LaTeX Font Info:    Overwriting math alphabet `\mathfrak' in version `bold'
(Font)                  U/euf/m/n --> U/euf/b/n on input line 106.
))
(C:/Users/timot/AppData/Local/Programs/MiKTeX/tex/latex/sansmathaccent/sansmath
accent.sty
Package: sansmathaccent 2020/01/31

(C:/Users/timot/AppData/Local/Programs/MiKTeX/tex/latex/koma-script/scrlfile.st
y
Package: scrlfile 2023/07/07 v3.41 KOMA-Script package (file load hooks)

(C:/Users/timot/AppData/Local/Programs/MiKTeX/tex/latex/koma-script/scrlfile-ho
ok.sty
Package: scrlfile-hook 2023/07/07 v3.41 KOMA-Script package (using LaTeX hooks)


(C:/Users/timot/AppData/Local/Programs/MiKTeX/tex/latex/koma-script/scrlogo.sty
Package: scrlogo 2023/07/07 v3.41 KOMA-Script package (logo)
)))))
(C:/Users/timot/AppData/Local/Programs/MiKTeX/tex/latex/beamer/beamerbasetransl
ator.sty
(C:/Users/timot/AppData/Local/Programs/MiKTeX/tex/latex/translator/translator.s
ty
Package: translator 2021-05-31 v1.12d Easy translation of strings in LaTeX
))
(C:/Users/timot/AppData/Local/Programs/MiKTeX/tex/latex/beamer/beamerbasemisc.s
ty)
(C:/Users/timot/AppData/Local/Programs/MiKTeX/tex/latex/beamer/beamerbasetwoscr
eens.sty)
(C:/Users/timot/AppData/Local/Programs/MiKTeX/tex/latex/beamer/beamerbaseoverla
y.sty
\beamer@argscount=\count305
\beamer@lastskipcover=\skip50
\beamer@trivlistdepth=\count306
)
(C:/Users/timot/AppData/Local/Programs/MiKTeX/tex/latex/beamer/beamerbasetitle.
sty)
(C:/Users/timot/AppData/Local/Programs/MiKTeX/tex/latex/beamer/beamerbasesectio
n.sty
\c@lecture=\count307
\c@part=\count308
\c@section=\count309
\c@subsection=\count310
\c@subsubsection=\count311
)
(C:/Users/timot/AppData/Local/Programs/MiKTeX/tex/latex/beamer/beamerbaseframe.
sty
\beamer@framebox=\box66
\beamer@frametitlebox=\box67
\beamer@zoombox=\box68
\beamer@zoomcount=\count312
\beamer@zoomframecount=\count313
\beamer@frametextheight=\dimen268
\c@subsectionslide=\count314
\beamer@frametopskip=\skip51
\beamer@framebottomskip=\skip52
\beamer@frametopskipautobreak=\skip53
\beamer@framebottomskipautobreak=\skip54
\beamer@envbody=\toks30
\framewidth=\dimen269
\c@framenumber=\count315
)
(C:/Users/timot/AppData/Local/Programs/MiKTeX/tex/latex/beamer/beamerbaseverbat
im.sty
\beamer@verbatimfileout=\write4
)
(C:/Users/timot/AppData/Local/Programs/MiKTeX/tex/latex/beamer/beamerbaseframes
ize.sty
\beamer@splitbox=\box69
\beamer@autobreakcount=\count316
\beamer@autobreaklastheight=\dimen270
\beamer@frametitletoks=\toks31
\beamer@framesubtitletoks=\toks32
)
(C:/Users/timot/AppData/Local/Programs/MiKTeX/tex/latex/beamer/beamerbaseframec
omponents.sty
\beamer@footins=\box70
)
(C:/Users/timot/AppData/Local/Programs/MiKTeX/tex/latex/beamer/beamerbasecolor.
sty)
(C:/Users/timot/AppData/Local/Programs/MiKTeX/tex/latex/beamer/beamerbasenotes.
sty
\beamer@frameboxcopy=\box71
)
(C:/Users/timot/AppData/Local/Programs/MiKTeX/tex/latex/beamer/beamerbasetoc.st
y)
(C:/Users/timot/AppData/Local/Programs/MiKTeX/tex/latex/beamer/beamerbasetempla
tes.sty
\beamer@sbttoks=\toks33

(C:/Users/timot/AppData/Local/Programs/MiKTeX/tex/latex/beamer/beamerbaseauxtem
plates.sty
(C:/Users/timot/AppData/Local/Programs/MiKTeX/tex/latex/beamer/beamerbaseboxes.
sty
\bmb@box=\box72
\bmb@colorbox=\box73
\bmb@boxwidth=\dimen271
\bmb@boxheight=\dimen272
\bmb@prevheight=\dimen273
\bmb@temp=\dimen274
\bmb@dima=\dimen275
\bmb@dimb=\dimen276
\bmb@prevheight=\dimen277
)
\beamer@blockheadheight=\dimen278
))
(C:/Users/timot/AppData/Local/Programs/MiKTeX/tex/latex/beamer/beamerbaselocals
tructure.sty
(C:/Users/timot/AppData/Local/Programs/MiKTeX/tex/latex/tools/enumerate.sty
Package: enumerate 2015/07/23 v3.00 enumerate extensions (DPC)
\@enLab=\toks34
)
\beamer@bibiconwidth=\skip55
\c@figure=\count317
\c@table=\count318
\abovecaptionskip=\skip56
\belowcaptionskip=\skip57
)
(C:/Users/timot/AppData/Local/Programs/MiKTeX/tex/latex/beamer/beamerbasenaviga
tion.sty
(C:/Users/timot/AppData/Local/Programs/MiKTeX/tex/latex/beamer/beamerbasenaviga
tionsymbols.tex)
\beamer@section@min@dim=\dimen279
)
(C:/Users/timot/AppData/Local/Programs/MiKTeX/tex/latex/beamer/beamerbasetheore
ms.sty
(C:/Users/timot/AppData/Local/Programs/MiKTeX/tex/latex/amsmath/amsmath.sty
Package: amsmath 2022/04/08 v2.17n AMS math features
\@mathmargin=\skip58

For additional information on amsmath, use the `?' option.
(C:/Users/timot/AppData/Local/Programs/MiKTeX/tex/latex/amsmath/amstext.sty
Package: amstext 2021/08/26 v2.01 AMS text

(C:/Users/timot/AppData/Local/Programs/MiKTeX/tex/latex/amsmath/amsgen.sty
File: amsgen.sty 1999/11/30 v2.0 generic functions
\@emptytoks=\toks35
\ex@=\dimen280
))
(C:/Users/timot/AppData/Local/Programs/MiKTeX/tex/latex/amsmath/amsbsy.sty
Package: amsbsy 1999/11/29 v1.2d Bold Symbols
\pmbraise@=\dimen281
)
(C:/Users/timot/AppData/Local/Programs/MiKTeX/tex/latex/amsmath/amsopn.sty
Package: amsopn 2022/04/08 v2.04 operator names
)
\inf@bad=\count319
LaTeX Info: Redefining \frac on input line 236.
\uproot@=\count320
\leftroot@=\count321
LaTeX Info: Redefining \overline on input line 399.
LaTeX Info: Redefining \colon on input line 410.
\classnum@=\count322
\DOTSCASE@=\count323
LaTeX Info: Redefining \ldots on input line 496.
LaTeX Info: Redefining \dots on input line 499.
LaTeX Info: Redefining \cdots on input line 620.
\Mathstrutbox@=\box74
\strutbox@=\box75
LaTeX Info: Redefining \big on input line 722.
LaTeX Info: Redefining \Big on input line 723.
LaTeX Info: Redefining \bigg on input line 724.
LaTeX Info: Redefining \Bigg on input line 725.
\big@size=\dimen282
LaTeX Font Info:    Redeclaring font encoding OML on input line 743.
LaTeX Font Info:    Redeclaring font encoding OMS on input line 744.
\macc@depth=\count324
LaTeX Info: Redefining \bmod on input line 905.
LaTeX Info: Redefining \pmod on input line 910.
LaTeX Info: Redefining \smash on input line 940.
LaTeX Info: Redefining \relbar on input line 970.
LaTeX Info: Redefining \Relbar on input line 971.
\c@MaxMatrixCols=\count325
\dotsspace@=\muskip17
\c@parentequation=\count326
\dspbrk@lvl=\count327
\tag@help=\toks36
\row@=\count328
\column@=\count329
\maxfields@=\count330
\andhelp@=\toks37
\eqnshift@=\dimen283
\alignsep@=\dimen284
\tagshift@=\dimen285
\tagwidth@=\dimen286
\totwidth@=\dimen287
\lineht@=\dimen288
\@envbody=\toks38
\multlinegap=\skip59
\multlinetaggap=\skip60
\mathdisplay@stack=\toks39
LaTeX Info: Redefining \[ on input line 2953.
LaTeX Info: Redefining \] on input line 2954.
)
(C:/Users/timot/AppData/Local/Programs/MiKTeX/tex/latex/amscls/amsthm.sty
Package: amsthm 2020/05/29 v2.20.6
\thm@style=\toks40
\thm@bodyfont=\toks41
\thm@headfont=\toks42
\thm@notefont=\toks43
\thm@headpunct=\toks44
\thm@preskip=\skip61
\thm@postskip=\skip62
\thm@headsep=\skip63
\dth@everypar=\toks45
)
\c@theorem=\count331
)
(C:/Users/timot/AppData/Local/Programs/MiKTeX/tex/latex/beamer/beamerbasethemes
.sty))
(C:/Users/timot/AppData/Local/Programs/MiKTeX/tex/latex/beamer/beamerthemedefau
lt.sty
(C:/Users/timot/AppData/Local/Programs/MiKTeX/tex/latex/beamer/beamerfontthemed
efault.sty)
(C:/Users/timot/AppData/Local/Programs/MiKTeX/tex/latex/beamer/beamercolortheme
default.sty)
(C:/Users/timot/AppData/Local/Programs/MiKTeX/tex/latex/beamer/beamerinnertheme
default.sty
\beamer@dima=\dimen289
\beamer@dimb=\dimen290
)
(C:/Users/timot/AppData/Local/Programs/MiKTeX/tex/latex/beamer/beameroutertheme
default.sty)))
(C:/Users/timot/AppData/Local/Programs/MiKTeX/tex/latex/fontspec/fontspec.sty
(C:/Users/timot/AppData/Local/Programs/MiKTeX/tex/latex/l3packages/xparse/xpars
e.sty
(C:/Users/timot/AppData/Local/Programs/MiKTeX/tex/latex/l3kernel/expl3.sty
Package: expl3 2022-07-04 L3 programming layer (loader) 

(C:/Users/timot/AppData/Local/Programs/MiKTeX/tex/latex/l3backend/l3backend-lua
tex.def
File: l3backend-luatex.def 2022-07-01 L3 backend support: PDF output (LuaTeX)
\l__color_backend_stack_int=\count332
\l__pdf_internal_box=\box76
))
Package: xparse 2022-06-22 L3 Experimental document command parser
)
Package: fontspec 2022/01/15 v2.8a Font selection for XeLaTeX and LuaLaTeX
Lua module: fontspec 2022/01/15 2.8a Font selection for XeLaTeX and LuaLaTeX
(C:/Users/timot/AppData/Local/Programs/MiKTeX/tex/latex/fontspec/fontspec-luate
x.sty
Package: fontspec-luatex 2022/01/15 v2.8a Font selection for XeLaTeX and LuaLaT
eX
\l__fontspec_script_int=\count333
\l__fontspec_language_int=\count334
\l__fontspec_strnum_int=\count335
\l__fontspec_tmp_int=\count336
\l__fontspec_tmpa_int=\count337
\l__fontspec_tmpb_int=\count338
\l__fontspec_tmpc_int=\count339
\l__fontspec_em_int=\count340
\l__fontspec_emdef_int=\count341
\l__fontspec_strong_int=\count342
\l__fontspec_strongdef_int=\count343
\l__fontspec_tmpa_dim=\dimen291
\l__fontspec_tmpb_dim=\dimen292
\l__fontspec_tmpc_dim=\dimen293
 (C:/Users/timot/AppData/Local/Programs/MiKTeX/tex/latex/base/fontenc.sty
Package: fontenc 2021/04/29 v2.0v Standard LaTeX package
) (C:/Users/timot/AppData/Local/Programs/MiKTeX/tex/latex/fontspec/fontspec.cfg
))) (./beamerthemeSimplePlusAIC.sty
(C:/Users/timot/AppData/Local/Programs/MiKTeX/tex/latex/beamer/beamerthemeMadri
d.sty
(C:/Users/timot/AppData/Local/Programs/MiKTeX/tex/latex/beamer/beamercolortheme
whale.sty)
(C:/Users/timot/AppData/Local/Programs/MiKTeX/tex/latex/beamer/beamercolortheme
orchid.sty)
(C:/Users/timot/AppData/Local/Programs/MiKTeX/tex/latex/beamer/beamerinnertheme
rounded.sty)
(C:/Users/timot/AppData/Local/Programs/MiKTeX/tex/latex/beamer/beameroutertheme
infolines.sty))
(C:/Users/timot/AppData/Local/Programs/MiKTeX/tex/latex/beamer/beamerinnertheme
circles.sty) (./beamerfontthemeSimplePlusAIC.sty)
(./beamercolorthemeSimplePlusAIC.sty
(C:/Users/timot/AppData/Local/Programs/MiKTeX/tex/latex/beamer/beamercolortheme
structure.sty)) (./beamerinnerthemeSimplePlusAIC.sty

Package fontspec Info: Font family 'Epilogue(0)' created for font 'Epilogue'
(fontspec)             with options
(fontspec)             [Ligatures=TeX,Path=./AICStyleData/epilogueFont/,Scale=0
.9,Extension
(fontspec)             =
(fontspec)             .ttf,UprightFont=*-Regular,BoldFont=*-Bold,ItalicFont=*-
Italic,BoldItalicFont=*-BoldItalic].
(fontspec)              
(fontspec)              This font family consists of the following NFSS
(fontspec)             series/shapes:
(fontspec)              
(fontspec)             - 'normal' (m/n) with NFSS spec.:
(fontspec)             <->s*[0.9]"[./AICStyleData/epilogueFont/Epilogue-Regular
.ttf]:mode=node;script=latn;language=dflt;+tlig;"
(fontspec)             - 'small caps'  (m/sc) with NFSS spec.:
(fontspec)             <->s*[0.9]"[./AICStyleData/epilogueFont/Epilogue-Regular
.ttf]:mode=node;script=latn;language=dflt;+tlig;+smcp;"
(fontspec)             - 'bold' (b/n) with NFSS spec.:
(fontspec)             <->s*[0.9]"[./AICStyleData/epilogueFont/Epilogue-Bold.tt
f]:mode=node;script=latn;language=dflt;+tlig;"
(fontspec)             - 'bold small caps'  (b/sc) with NFSS spec.:
(fontspec)             <->s*[0.9]"[./AICStyleData/epilogueFont/Epilogue-Bold.tt
f]:mode=node;script=latn;language=dflt;+tlig;+smcp;"
(fontspec)             - 'italic' (m/it) with NFSS spec.:
(fontspec)             <->s*[0.9]"[./AICStyleData/epilogueFont/Epilogue-Italic.
ttf]:mode=node;script=latn;language=dflt;+tlig;"
(fontspec)             - 'italic small caps'  (m/scit) with NFSS spec.:
(fontspec)             <->s*[0.9]"[./AICStyleData/epilogueFont/Epilogue-Italic.
ttf]:mode=node;script=latn;language=dflt;+tlig;+smcp;"
(fontspec)             - 'bold italic' (b/it) with NFSS spec.:
(fontspec)             <->s*[0.9]"[./AICStyleData/epilogueFont/Epilogue-BoldIta
lic.ttf]:mode=node;script=latn;language=dflt;+tlig;"
(fontspec)             - 'bold italic small caps'  (b/scit) with NFSS spec.:
(fontspec)             <->s*[0.9]"[./AICStyleData/epilogueFont/Epilogue-BoldIta
lic.ttf]:mode=node;script=latn;language=dflt;+tlig;+smcp;"

LaTeX Font Info:    Font shape `TU/Epilogue(0)/m/n' will be
(Font)              scaled to size 9.85492pt on input line 163.
))
(C:/Users/timot/AppData/Local/Programs/MiKTeX/tex/latex/booktabs/booktabs.sty
Package: booktabs 2020/01/12 v1.61803398 Publication quality tables
\heavyrulewidth=\dimen294
\lightrulewidth=\dimen295
\cmidrulewidth=\dimen296
\belowrulesep=\dimen297
\belowbottomsep=\dimen298
\aboverulesep=\dimen299
\abovetopsep=\dimen300
\cmidrulesep=\dimen301
\cmidrulekern=\dimen302
\defaultaddspace=\dimen303
\@cmidla=\count344
\@cmidlb=\count345
\@aboverulesep=\dimen304
\@belowrulesep=\dimen305
\@thisruleclass=\count346
\@lastruleclass=\count347
\@thisrulewidth=\dimen306
)
(C:/Users/timot/AppData/Local/Programs/MiKTeX/tex/latex/svg/svg.sty
Package: svg 2020/11/26 v2.02k (include SVG pictures)

(C:/Users/timot/AppData/Local/Programs/MiKTeX/tex/latex/koma-script/scrbase.sty
Package: scrbase 2023/07/07 v3.41 KOMA-Script package (KOMA-Script-independent 
basics and keyval usage)
Applying: [2021/05/01] Usage of raw or classic option list on input line 252.
Already applied: [0000/00/00] Usage of raw or classic option list on input line
 368.
)
(C:/Users/timot/AppData/Local/Programs/MiKTeX/tex/latex/trimspaces/trimspaces.s
ty
Package: trimspaces 2009/09/17 v1.1 Trim spaces around a token list
) (C:/Users/timot/AppData/Local/Programs/MiKTeX/tex/latex/tools/shellesc.sty
Package: shellesc 2019/11/08 v1.0c unified shell escape interface for LaTeX
Package shellesc Info: Restricted shell escape enabled on input line 77.
)
\c@svg@param@lastpage=\count348
\svg@box=\box77
\c@svg@param@currpage=\count349
)
(C:/Users/timot/AppData/Local/Programs/MiKTeX/tex/latex/transparent/transparent
.sty
Package: transparent 2022-10-27 v1.5 Transparency with color stacks

(C:/Users/timot/AppData/Local/Programs/MiKTeX/tex/latex/transparent/transparent
-nometadata.sty
Package: transparent-nometadata 2022-10-27 v1.5 Transparency via pdfTeX's color
 stack (HO)
))
(C:/Users/timot/AppData/Local/Programs/MiKTeX/tex/latex/pgf/frontendlayer/tikz.
sty
(C:/Users/timot/AppData/Local/Programs/MiKTeX/tex/latex/pgf/basiclayer/pgf.sty
Package: pgf 2021/05/15 v3.1.9a (3.1.9a)

(C:/Users/timot/AppData/Local/Programs/MiKTeX/tex/generic/pgf/modules/pgfmodule
shapes.code.tex
File: pgfmoduleshapes.code.tex 2021/05/15 v3.1.9a (3.1.9a)
\pgfnodeparttextbox=\box78
)
(C:/Users/timot/AppData/Local/Programs/MiKTeX/tex/generic/pgf/modules/pgfmodule
plot.code.tex
File: pgfmoduleplot.code.tex 2021/05/15 v3.1.9a (3.1.9a)
)
(C:/Users/timot/AppData/Local/Programs/MiKTeX/tex/latex/pgf/compatibility/pgfco
mp-version-0-65.sty
Package: pgfcomp-version-0-65 2021/05/15 v3.1.9a (3.1.9a)
\pgf@nodesepstart=\dimen307
\pgf@nodesepend=\dimen308
)
(C:/Users/timot/AppData/Local/Programs/MiKTeX/tex/latex/pgf/compatibility/pgfco
mp-version-1-18.sty
Package: pgfcomp-version-1-18 2021/05/15 v3.1.9a (3.1.9a)
))
(C:/Users/timot/AppData/Local/Programs/MiKTeX/tex/latex/pgf/utilities/pgffor.st
y
(C:/Users/timot/AppData/Local/Programs/MiKTeX/tex/generic/pgf/utilities/pgffor.
code.tex
Package: pgffor 2021/05/15 v3.1.9a (3.1.9a)

(C:/Users/timot/AppData/Local/Programs/MiKTeX/tex/generic/pgf/math/pgfmath.code
.tex)
\pgffor@iter=\dimen309
\pgffor@skip=\dimen310
\pgffor@stack=\toks46
\pgffor@toks=\toks47
))
(C:/Users/timot/AppData/Local/Programs/MiKTeX/tex/generic/pgf/frontendlayer/tik
z/tikz.code.tex
Package: tikz 2021/05/15 v3.1.9a (3.1.9a)

(C:/Users/timot/AppData/Local/Programs/MiKTeX/tex/generic/pgf/libraries/pgflibr
aryplothandlers.code.tex
File: pgflibraryplothandlers.code.tex 2021/05/15 v3.1.9a (3.1.9a)
\pgf@plot@mark@count=\count350
\pgfplotmarksize=\dimen311
)
\tikz@lastx=\dimen312
\tikz@lasty=\dimen313
\tikz@lastxsaved=\dimen314
\tikz@lastysaved=\dimen315
\tikz@lastmovetox=\dimen316
\tikz@lastmovetoy=\dimen317
\tikzleveldistance=\dimen318
\tikzsiblingdistance=\dimen319
\tikz@figbox=\box79
\tikz@figbox@bg=\box80
\tikz@tempbox=\box81
\tikz@tempbox@bg=\box82
\tikztreelevel=\count351
\tikznumberofchildren=\count352
\tikznumberofcurrentchild=\count353
\tikz@fig@count=\count354

(C:/Users/timot/AppData/Local/Programs/MiKTeX/tex/generic/pgf/modules/pgfmodule
matrix.code.tex
File: pgfmodulematrix.code.tex 2021/05/15 v3.1.9a (3.1.9a)
\pgfmatrixcurrentrow=\count355
\pgfmatrixcurrentcolumn=\count356
\pgf@matrix@numberofcolumns=\count357
)
\tikz@expandcount=\count358

(C:/Users/timot/AppData/Local/Programs/MiKTeX/tex/generic/pgf/frontendlayer/tik
z/libraries/tikzlibrarytopaths.code.tex
File: tikzlibrarytopaths.code.tex 2021/05/15 v3.1.9a (3.1.9a)
)))
(C:/Users/timot/AppData/Local/Programs/MiKTeX/tex/latex/makecell/makecell.sty
Package: makecell 2009/08/03 V0.1e Managing of Tab Column Heads and Cells

(C:/Users/timot/AppData/Local/Programs/MiKTeX/tex/latex/tools/array.sty
Package: array 2021/10/04 v2.5f Tabular extension package (FMi)
\col@sep=\dimen320
\ar@mcellbox=\box83
\extrarowheight=\dimen321
\NC@list=\toks48
\extratabsurround=\skip64
\backup@length=\skip65
\ar@cellbox=\box84
)
\rotheadsize=\dimen322
\c@nlinenum=\count359
\TeXr@lab=\toks49
)
(C:/Users/timot/AppData/Local/Programs/MiKTeX/tex/latex/wrapfig/wrapfig.sty
\wrapoverhang=\dimen323
\WF@size=\dimen324
\c@WF@wrappedlines=\count360
\WF@box=\box85
\WF@everypar=\toks50
Package: wrapfig 2003/01/31  v 3.6
)
(C:/Users/timot/AppData/Local/Programs/MiKTeX/tex/latex/braket/braket.sty)

Package hyperref Warning: Token not allowed in a PDF string (Unicode):
(hyperref)                removing `\\' on input line 26.

No file main.aux.

\openout1 = main.aux
LaTeX Font Info:    Checking defaults for OML/cmm/m/it on input line 36.
LaTeX Font Info:    ... okay on input line 36.
LaTeX Font Info:    Checking defaults for OMS/cmsy/m/n on input line 36.
LaTeX Font Info:    ... okay on input line 36.
LaTeX Font Info:    Checking defaults for OT1/cmr/m/n on input line 36.
LaTeX Font Info:    ... okay on input line 36.
LaTeX Font Info:    Checking defaults for T1/cmr/m/n on input line 36.
LaTeX Font Info:    ... okay on input line 36.
LaTeX Font Info:    Checking defaults for TS1/cmr/m/n on input line 36.
LaTeX Font Info:    Trying to load font information for TS1+cmr on input line 3
6.
(C:/Users/timot/AppData/Local/Programs/MiKTeX/tex/latex/base/ts1cmr.fd
File: ts1cmr.fd 2019/12/16 v2.5j Standard LaTeX font definitions
)
LaTeX Font Info:    ... okay on input line 36.
LaTeX Font Info:    Checking defaults for TU/lmr/m/n on input line 36.
LaTeX Font Info:    ... okay on input line 36.
LaTeX Font Info:    Checking defaults for OMX/cmex/m/n on input line 36.
LaTeX Font Info:    ... okay on input line 36.
LaTeX Font Info:    Checking defaults for U/cmr/m/n on input line 36.
LaTeX Font Info:    ... okay on input line 36.
LaTeX Font Info:    Checking defaults for PD1/pdf/m/n on input line 36.
LaTeX Font Info:    ... okay on input line 36.
LaTeX Font Info:    Checking defaults for PU/pdf/m/n on input line 36.
LaTeX Font Info:    ... okay on input line 36.

*geometry* driver: auto-detecting
*geometry* detected driver: luatex
*geometry* verbose mode - [ preamble ] result:
* driver: luatex
* paper: custom
* layout: <same size as paper>
* layoutoffset:(h,v)=(0.0pt,0.0pt)
* modes: includehead includefoot 
* h-part:(L,W,R)=(21.9pt, 411.44409pt, 21.9pt)
* v-part:(T,H,B)=(0.0pt, 256.0748pt, 0.0pt)
* \paperwidth=455.24408pt
* \paperheight=256.0748pt
* \textwidth=411.44409pt
* \textheight=227.62207pt
* \oddsidemargin=-50.37pt
* \evensidemargin=-50.37pt
* \topmargin=-72.26999pt
* \headheight=14.22636pt
* \headsep=0.0pt
* \topskip=11.0pt
* \footskip=14.22636pt
* \marginparwidth=4.0pt
* \marginparsep=10.0pt
* \columnsep=10.0pt
* \skip\footins=10.0pt plus 4.0pt minus 2.0pt
* \hoffset=0.0pt
* \voffset=0.0pt
* \mag=1000
* \@twocolumnfalse
* \@twosidefalse
* \@mparswitchfalse
* \@reversemarginfalse
* (1in=72.27pt=25.4mm, 1cm=28.453pt)


(C:/Users/timot/AppData/Local/Programs/MiKTeX/tex/context/base/mkii/supp-pdf.mk
ii
[Loading MPS to PDF converter (version 2006.09.02).]
\scratchcounter=\count361
\scratchdimen=\dimen325
\scratchbox=\box86
\nofMPsegments=\count362
\nofMParguments=\count363
\everyMPshowfont=\toks51
\MPscratchCnt=\count364
\MPscratchDim=\dimen326
\MPnumerator=\count365
\makeMPintoPDFobject=\count366
\everyMPtoPDFconversion=\toks52
)
(C:/Users/timot/AppData/Local/Programs/MiKTeX/tex/latex/epstopdf-pkg/epstopdf-b
ase.sty
Package: epstopdf-base 2020-01-24 v2.11 Base part for package epstopdf
Package epstopdf-base Info: Redefining graphics rule for `.eps' on input line 4
85.

(C:/Users/timot/AppData/Local/Programs/MiKTeX/tex/latex/00miktex/epstopdf-sys.c
fg
File: epstopdf-sys.cfg 2021/03/18 v2.0 Configuration of epstopdf for MiKTeX
))
Package hyperref Info: Link coloring OFF on input line 36.
\@outlinefile=\write5

\openout5 = main.out
LaTeX Font Info:    Overwriting symbol font `operators' in version `normal'
(Font)                  OT1/cmr/m/n --> OT1/cmss/m/n on input line 36.
LaTeX Font Info:    Overwriting symbol font `operators' in version `bold'
(Font)                  OT1/cmr/bx/n --> OT1/cmss/b/n on input line 36.
\symnumbers=\mathgroup6
\sympureletters=\mathgroup7
LaTeX Font Info:    Overwriting math alphabet `\mathrm' in version `normal'
(Font)                  OT1/cmss/m/n --> TU/lmr/m/n on input line 36.
LaTeX Font Info:    Redeclaring math alphabet \mathbf on input line 36.
LaTeX Font Info:    Overwriting math alphabet `\mathbf' in version `normal'
(Font)                  OT1/cmr/bx/n --> TU/Epilogue(0)/b/n on input line 36.
LaTeX Font Info:    Overwriting math alphabet `\mathbf' in version `bold'
(Font)                  OT1/cmr/bx/n --> TU/Epilogue(0)/b/n on input line 36.
LaTeX Font Info:    Redeclaring math alphabet \mathsf on input line 36.
LaTeX Font Info:    Overwriting math alphabet `\mathsf' in version `normal'
(Font)                  OT1/cmss/m/n --> TU/Epilogue(0)/m/n on input line 36.
LaTeX Font Info:    Overwriting math alphabet `\mathsf' in version `bold'
(Font)                  OT1/cmss/bx/n --> TU/Epilogue(0)/m/n on input line 36.
LaTeX Font Info:    Redeclaring math alphabet \mathit on input line 36.
LaTeX Font Info:    Overwriting math alphabet `\mathit' in version `normal'
(Font)                  OT1/cmr/m/it --> TU/Epilogue(0)/m/it on input line 36.
LaTeX Font Info:    Overwriting math alphabet `\mathit' in version `bold'
(Font)                  OT1/cmr/bx/it --> TU/Epilogue(0)/m/it on input line 36.

LaTeX Font Info:    Redeclaring math alphabet \mathtt on input line 36.
LaTeX Font Info:    Overwriting math alphabet `\mathtt' in version `normal'
(Font)                  OT1/cmtt/m/n --> TU/lmtt/m/n on input line 36.
LaTeX Font Info:    Overwriting math alphabet `\mathtt' in version `bold'
(Font)                  OT1/cmtt/m/n --> TU/lmtt/m/n on input line 36.
LaTeX Font Info:    Overwriting symbol font `numbers' in version `bold'
(Font)                  TU/Epilogue(0)/m/n --> TU/Epilogue(0)/b/n on input line
 36.
LaTeX Font Info:    Overwriting symbol font `pureletters' in version `bold'
(Font)                  TU/Epilogue(0)/m/it --> TU/Epilogue(0)/b/it on input li
ne 36.
LaTeX Font Info:    Overwriting math alphabet `\mathrm' in version `bold'
(Font)                  OT1/cmss/b/n --> TU/lmr/b/n on input line 36.
LaTeX Font Info:    Overwriting math alphabet `\mathbf' in version `bold'
(Font)                  TU/Epilogue(0)/b/n --> TU/Epilogue(0)/b/n on input line
 36.
LaTeX Font Info:    Overwriting math alphabet `\mathsf' in version `bold'
(Font)                  TU/Epilogue(0)/m/n --> TU/Epilogue(0)/b/n on input line
 36.
LaTeX Font Info:    Overwriting math alphabet `\mathit' in version `bold'
(Font)                  TU/Epilogue(0)/m/it --> TU/Epilogue(0)/b/it on input li
ne 36.
LaTeX Font Info:    Overwriting math alphabet `\mathtt' in version `bold'
(Font)                  TU/lmtt/m/n --> TU/lmtt/b/n on input line 36.

(C:/Users/timot/AppData/Local/Programs/MiKTeX/tex/latex/translator/translator-b
asic-dictionary-English.dict
Dictionary: translator-basic-dictionary, Language: English 
)
(C:/Users/timot/AppData/Local/Programs/MiKTeX/tex/latex/translator/translator-b
ibliography-dictionary-English.dict
Dictionary: translator-bibliography-dictionary, Language: English 
)
(C:/Users/timot/AppData/Local/Programs/MiKTeX/tex/latex/translator/translator-e
nvironment-dictionary-English.dict
Dictionary: translator-environment-dictionary, Language: English 
)
(C:/Users/timot/AppData/Local/Programs/MiKTeX/tex/latex/translator/translator-m
onths-dictionary-English.dict
Dictionary: translator-months-dictionary, Language: English 
)
(C:/Users/timot/AppData/Local/Programs/MiKTeX/tex/latex/translator/translator-n
umbers-dictionary-English.dict
Dictionary: translator-numbers-dictionary, Language: English 
)
(C:/Users/timot/AppData/Local/Programs/MiKTeX/tex/latex/translator/translator-t
heorem-dictionary-English.dict
Dictionary: translator-theorem-dictionary, Language: English 
)

Package fontspec Info: Adjusting the maths setup (use [no-math] to avoid
(fontspec)             this).

\symlegacymaths=\mathgroup8
LaTeX Font Info:    Overwriting symbol font `legacymaths' in version `bold'
(Font)                  OT1/cmr/m/n --> OT1/cmr/bx/n on input line 36.
LaTeX Font Info:    Redeclaring math accent \acute on input line 36.
LaTeX Font Info:    Redeclaring math accent \grave on input line 36.
LaTeX Font Info:    Redeclaring math accent \ddot on input line 36.
LaTeX Font Info:    Redeclaring math accent \tilde on input line 36.
LaTeX Font Info:    Redeclaring math accent \bar on input line 36.
LaTeX Font Info:    Redeclaring math accent \breve on input line 36.
LaTeX Font Info:    Redeclaring math accent \check on input line 36.
LaTeX Font Info:    Redeclaring math accent \hat on input line 36.
LaTeX Font Info:    Redeclaring math accent \dot on input line 36.
LaTeX Font Info:    Redeclaring math accent \mathring on input line 36.
LaTeX Font Info:    Redeclaring math symbol \Gamma on input line 36.
LaTeX Font Info:    Redeclaring math symbol \Delta on input line 36.
LaTeX Font Info:    Redeclaring math symbol \Theta on input line 36.
LaTeX Font Info:    Redeclaring math symbol \Lambda on input line 36.
LaTeX Font Info:    Redeclaring math symbol \Xi on input line 36.
LaTeX Font Info:    Redeclaring math symbol \Pi on input line 36.
LaTeX Font Info:    Redeclaring math symbol \Sigma on input line 36.
LaTeX Font Info:    Redeclaring math symbol \Upsilon on input line 36.
LaTeX Font Info:    Redeclaring math symbol \Phi on input line 36.
LaTeX Font Info:    Redeclaring math symbol \Psi on input line 36.
LaTeX Font Info:    Redeclaring math symbol \Omega on input line 36.
LaTeX Font Info:    Redeclaring math symbol \mathdollar on input line 36.
LaTeX Font Info:    Redeclaring symbol font `operators' on input line 36.
LaTeX Font Info:    Encoding `OT1' has changed to `TU' for symbol font
(Font)              `operators' in the math version `normal' on input line 36.
LaTeX Font Info:    Overwriting symbol font `operators' in version `normal'
(Font)                  OT1/cmss/m/n --> TU/lmr/m/n on input line 36.
LaTeX Font Info:    Encoding `OT1' has changed to `TU' for symbol font
(Font)              `operators' in the math version `bold' on input line 36.
LaTeX Font Info:    Overwriting symbol font `operators' in version `bold'
(Font)                  OT1/cmss/b/n --> TU/lmr/m/n on input line 36.
LaTeX Font Info:    Overwriting symbol font `operators' in version `normal'
(Font)                  TU/lmr/m/n --> TU/lmr/m/n on input line 36.
LaTeX Font Info:    Redeclaring math alphabet \mathrm on input line 36.
LaTeX Font Info:    Overwriting math alphabet `\mathit' in version `normal'
(Font)                  TU/Epilogue(0)/m/it --> TU/lmr/m/it on input line 36.
LaTeX Font Info:    Overwriting math alphabet `\mathbf' in version `normal'
(Font)                  TU/Epilogue(0)/b/n --> TU/lmr/b/n on input line 36.
LaTeX Font Info:    Overwriting math alphabet `\mathsf' in version `normal'
(Font)                  TU/Epilogue(0)/m/n --> TU/Epilogue(0)/m/n on input line
 36.
LaTeX Font Info:    Overwriting math alphabet `\mathtt' in version `normal'
(Font)                  TU/lmtt/m/n --> TU/lmtt/m/n on input line 36.
LaTeX Font Info:    Overwriting symbol font `operators' in version `bold'
(Font)                  TU/lmr/m/n --> TU/lmr/b/n on input line 36.
LaTeX Font Info:    Overwriting math alphabet `\mathit' in version `bold'
(Font)                  TU/Epilogue(0)/b/it --> TU/lmr/b/it on input line 36.
LaTeX Font Info:    Overwriting math alphabet `\mathsf' in version `bold'
(Font)                  TU/Epilogue(0)/b/n --> TU/Epilogue(0)/b/n on input line
 36.
LaTeX Font Info:    Overwriting math alphabet `\mathtt' in version `bold'
(Font)                  TU/lmtt/b/n --> TU/lmtt/b/n on input line 36.
 (./main.nav)
LaTeX Font Info:    Font shape `TU/Epilogue(0)/m/n' will be
(Font)              scaled to size 5.39996pt on input line 36.
LaTeX Font Info:    Font shape `TU/Epilogue(0)/m/n' will be
(Font)              scaled to size 7.19995pt on input line 36.
LaTeX Font Info:    Font shape `TU/Epilogue(0)/m/n' will be
(Font)              scaled to size 18.66588pt on input line 38.
LaTeX Font Info:    Font shape `TU/Epilogue(0)/b/n' will be
(Font)              scaled to size 18.66588pt on input line 38.
LaTeX Font Info:    Font shape `TU/Epilogue(0)/b/n' will be
(Font)              scaled to size 9.85492pt on input line 38.
<AICStyleData/logos/Logo shape dark_rotated.png, id=12, 792.9625pt x 446.66875p
t>
File: AICStyleData/logos/Logo shape dark_rotated.png Graphic file (type png)
<use AICStyleData/logos/Logo shape dark_rotated.png>
Package luatex.def Info: AICStyleData/logos/Logo shape dark_rotated.png  used o
n input line 38.
(luatex.def)             Requested size: 455.24408pt x 256.43723pt.
 [1

{C:/Users/timot/AppData/Local/MiKTeX/fonts/map/pdftex/pdftex.map}<./AICStyleData
/logos/Logo shape dark_rotated.png>]
No file main.toc.
LaTeX Font Info:    Font shape `TU/Epilogue(0)/m/n' will be
(Font)              scaled to size 15.55188pt on input line 43.
LaTeX Font Info:    Font shape `TU/Epilogue(0)/b/n' will be
(Font)              scaled to size 15.55188pt on input line 43.
<AICStyleData/logos/Symbol_AIC_Neon_Blue.png, id=22, 413.545pt x 264.99pt>
File: AICStyleData/logos/Symbol_AIC_Neon_Blue.png Graphic file (type png)
<use AICStyleData/logos/Symbol_AIC_Neon_Blue.png>
Package luatex.def Info: AICStyleData/logos/Symbol_AIC_Neon_Blue.png  used on i
nput line 43.
(luatex.def)             Requested size: 42.67912pt x 27.34561pt.
LaTeX Font Info:    Font shape `TU/Epilogue(0)/m/n' will be
(Font)              scaled to size 3.59998pt on input line 43.
[2

<./AICStyleData/logos/Symbol_AIC_Neon_Blue.png>]
File: AICStyleData/logos/Symbol_AIC_Neon_Blue.png Graphic file (type png)
<use AICStyleData/logos/Symbol_AIC_Neon_Blue.png>
Package luatex.def Info: AICStyleData/logos/Symbol_AIC_Neon_Blue.png  used on i
nput line 46.
(luatex.def)             Requested size: 42.67912pt x 27.34561pt.
<AICStyleData/logos/Logo shape light_rotated.png, id=32, 710.655pt x 399.4925pt
>
File: AICStyleData/logos/Logo shape light_rotated.png Graphic file (type png)
<use AICStyleData/logos/Logo shape light_rotated.png>
Package luatex.def Info: AICStyleData/logos/Logo shape light_rotated.png  used 
on input line 46.
(luatex.def)             Requested size: 455.24408pt x 255.91815pt.
 [3

<./AICStyleData/logos/Logo shape light_rotated.png>]
LaTeX Font Info:    Trying to load font information for U+msa on input line 55.


(C:/Users/timot/AppData/Local/Programs/MiKTeX/tex/latex/amsfonts/umsa.fd
File: umsa.fd 2013/01/14 v3.01 AMS symbols A
)
LaTeX Font Info:    Trying to load font information for U+msb on input line 55.


(C:/Users/timot/AppData/Local/Programs/MiKTeX/tex/latex/amsfonts/umsb.fd
File: umsb.fd 2013/01/14 v3.01 AMS symbols B
)
LaTeX Font Info:    Font shape `TU/Epilogue(0)/m/it' will be
(Font)              scaled to size 9.85492pt on input line 55.
LaTeX Font Info:    Font shape `TU/Epilogue(0)/m/it' will be
(Font)              scaled to size 7.19995pt on input line 55.
LaTeX Font Info:    Font shape `TU/Epilogue(0)/m/it' will be
(Font)              scaled to size 5.39996pt on input line 55.
File: AICStyleData/logos/Symbol_AIC_Neon_Blue.png Graphic file (type png)
<use AICStyleData/logos/Symbol_AIC_Neon_Blue.png>
Package luatex.def Info: AICStyleData/logos/Symbol_AIC_Neon_Blue.png  used on i
nput line 55.
(luatex.def)             Requested size: 42.67912pt x 27.34561pt.

[4

]
File: AICStyleData/logos/Symbol_AIC_Neon_Blue.png Graphic file (type png)
<use AICStyleData/logos/Symbol_AIC_Neon_Blue.png>
Package luatex.def Info: AICStyleData/logos/Symbol_AIC_Neon_Blue.png  used on i
nput line 63.
(luatex.def)             Requested size: 42.67912pt x 27.34561pt.
 [5

]
File: AICStyleData/logos/Symbol_AIC_Neon_Blue.png Graphic file (type png)
<use AICStyleData/logos/Symbol_AIC_Neon_Blue.png>
Package luatex.def Info: AICStyleData/logos/Symbol_AIC_Neon_Blue.png  used on i
nput line 86.
(luatex.def)             Requested size: 42.67912pt x 27.34561pt.
 [6

] [7

]
<figures/MPS_AKLT_chain.png, id=71, 395.076pt x 96.96225pt>
File: figures/MPS_AKLT_chain.png Graphic file (type png)
<use figures/MPS_AKLT_chain.png>
Package luatex.def Info: figures/MPS_AKLT_chain.png  used on input line 107.
(luatex.def)             Requested size: 395.07503pt x 96.962pt.
LaTeX Font Info:    Font shape `TU/Epilogue(0)/m/n' will be
(Font)              scaled to size 8.09995pt on input line 107.
File: AICStyleData/logos/Symbol_AIC_Neon_Blue.png Graphic file (type png)
<use AICStyleData/logos/Symbol_AIC_Neon_Blue.png>
Package luatex.def Info: AICStyleData/logos/Symbol_AIC_Neon_Blue.png  used on i
nput line 107.
(luatex.def)             Requested size: 42.67912pt x 27.34561pt.
 [8

<./figures/MPS_AKLT_chain.png>]
File: AICStyleData/logos/Symbol_AIC_Neon_Blue.png Graphic file (type png)
<use AICStyleData/logos/Symbol_AIC_Neon_Blue.png>
Package luatex.def Info: AICStyleData/logos/Symbol_AIC_Neon_Blue.png  used on i
nput line 117.
(luatex.def)             Requested size: 42.67912pt x 27.34561pt.
 [9

]
LaTeX Font Info:    Font shape `TU/Epilogue(0)/b/n' will be
(Font)              scaled to size 7.19995pt on input line 131.
LaTeX Font Info:    Font shape `TU/Epilogue(0)/b/n' will be
(Font)              scaled to size 5.39996pt on input line 131.
LaTeX Font Info:    Font shape `TU/Epilogue(0)/b/it' will be
(Font)              scaled to size 9.85492pt on input line 131.
LaTeX Font Info:    Font shape `TU/Epilogue(0)/b/it' will be
(Font)              scaled to size 7.19995pt on input line 131.
LaTeX Font Info:    Font shape `TU/Epilogue(0)/b/it' will be
(Font)              scaled to size 5.39996pt on input line 131.
 [10

]
LaTeX Font Info:    Font shape `TU/Epilogue(0)/m/n' will be
(Font)              scaled to size 4.49997pt on input line 153.
LaTeX Font Info:    Font shape `TU/Epilogue(0)/m/it' will be
(Font)              scaled to size 8.09995pt on input line 153.
LaTeX Font Info:    Font shape `TU/Epilogue(0)/m/it' will be
(Font)              scaled to size 4.49997pt on input line 153.
 [11

]
File: AICStyleData/logos/Symbol_AIC_Neon_Blue.png Graphic file (type png)
<use AICStyleData/logos/Symbol_AIC_Neon_Blue.png>
Package luatex.def Info: AICStyleData/logos/Symbol_AIC_Neon_Blue.png  used on i
nput line 174.
(luatex.def)             Requested size: 42.67912pt x 27.34561pt.
 [12

]

LaTeX Warning: Citation `hatsugai2006quantized' on page 13 undefined on input l
ine 185.

File: AICStyleData/logos/Symbol_AIC_Neon_Blue.png Graphic file (type png)
<use AICStyleData/logos/Symbol_AIC_Neon_Blue.png>
Package luatex.def Info: AICStyleData/logos/Symbol_AIC_Neon_Blue.png  used on i
nput line 185.
(luatex.def)             Requested size: 42.67912pt x 27.34561pt.
[13

]
File: AICStyleData/logos/Symbol_AIC_Neon_Blue.png Graphic file (type png)
<use AICStyleData/logos/Symbol_AIC_Neon_Blue.png>
Package luatex.def Info: AICStyleData/logos/Symbol_AIC_Neon_Blue.png  used on i
nput line 219.
(luatex.def)             Requested size: 42.67912pt x 27.34561pt.
 [14

]
File: AICStyleData/logos/Symbol_AIC_Neon_Blue.png Graphic file (type png)
<use AICStyleData/logos/Symbol_AIC_Neon_Blue.png>
Package luatex.def Info: AICStyleData/logos/Symbol_AIC_Neon_Blue.png  used on i
nput line 222.
(luatex.def)             Requested size: 42.67912pt x 27.34561pt.
File: AICStyleData/logos/Logo shape light_rotated.png Graphic file (type png)
<use AICStyleData/logos/Logo shape light_rotated.png>
Package luatex.def Info: AICStyleData/logos/Logo shape light_rotated.png  used 
on input line 222.
(luatex.def)             Requested size: 455.24408pt x 255.91815pt.
 [15

]
<figures/zx_spiders.png, id=126, 476.982pt x 186.6975pt>
File: figures/zx_spiders.png Graphic file (type png)
<use figures/zx_spiders.png>
Package luatex.def Info: figures/zx_spiders.png  used on input line 233.
(luatex.def)             Requested size: 329.15652pt x 128.8385pt.
File: AICStyleData/logos/Symbol_AIC_Neon_Blue.png Graphic file (type png)
<use AICStyleData/logos/Symbol_AIC_Neon_Blue.png>
Package luatex.def Info: AICStyleData/logos/Symbol_AIC_Neon_Blue.png  used on i
nput line 233.
(luatex.def)             Requested size: 42.67912pt x 27.34561pt.
 [16

<./figures/zx_spiders.png>] [17

]
<figures/zx_rewrite_rules_p1.png, id=138, 878.0805pt x 308.95425pt>
File: figures/zx_rewrite_rules_p1.png Graphic file (type png)
<use figures/zx_rewrite_rules_p1.png>
Package luatex.def Info: figures/zx_rewrite_rules_p1.png  used on input line 27
3.
(luatex.def)             Requested size: 411.44409pt x 144.76537pt.

Overfull \hbox (21.9pt too wide) in paragraph at lines 273--273
 [] 
 []


LaTeX Warning: Citation `zx_for_working_qcs' on page 18 undefined on input line
 273.

[18

<./figures/zx_rewrite_rules_p1.png>]
<figures/zx_states.PNG, id=145, 1170.87437pt x 526.96875pt>
File: figures/zx_states.PNG Graphic file (type png)
<use figures/zx_states.PNG>
Package luatex.def Info: figures/zx_states.PNG  used on input line 282.
(luatex.def)             Requested size: 411.44409pt x 185.17354pt.
File: AICStyleData/logos/Symbol_AIC_Neon_Blue.png Graphic file (type png)
<use AICStyleData/logos/Symbol_AIC_Neon_Blue.png>
Package luatex.def Info: AICStyleData/logos/Symbol_AIC_Neon_Blue.png  used on i
nput line 282.
(luatex.def)             Requested size: 42.67912pt x 27.34561pt.

Overfull \vbox (20.0047pt too high) detected at line 282
 []

[19

<./figures/zx_states.PNG>]
<figures/zx_common_gates.PNG, id=151, 1044.90375pt x 546.04pt>
File: figures/zx_common_gates.PNG Graphic file (type png)
<use figures/zx_common_gates.PNG>
Package luatex.def Info: figures/zx_common_gates.PNG  used on input line 290.
(luatex.def)             Requested size: 349.72998pt x 182.75998pt.
File: AICStyleData/logos/Symbol_AIC_Neon_Blue.png Graphic file (type png)
<use AICStyleData/logos/Symbol_AIC_Neon_Blue.png>
Package luatex.def Info: AICStyleData/logos/Symbol_AIC_Neon_Blue.png  used on i
nput line 290.
(luatex.def)             Requested size: 42.67912pt x 27.34561pt.

Overfull \vbox (17.59114pt too high) detected at line 290
 []

[20

<./figures/zx_common_gates.PNG>]
<figures/zx_control_phases.PNG, id=157, 1003.75pt x 499.8675pt>
File: figures/zx_control_phases.PNG Graphic file (type png)
<use figures/zx_control_phases.PNG>
Package luatex.def Info: figures/zx_control_phases.PNG  used on input line 299.

(luatex.def)             Requested size: 349.72998pt x 174.163pt.
File: AICStyleData/logos/Symbol_AIC_Neon_Blue.png Graphic file (type png)
<use AICStyleData/logos/Symbol_AIC_Neon_Blue.png>
Package luatex.def Info: AICStyleData/logos/Symbol_AIC_Neon_Blue.png  used on i
nput line 299.
(luatex.def)             Requested size: 42.67912pt x 27.34561pt.

Overfull \vbox (8.99416pt too high) detected at line 299
 []

[21

<./figures/zx_control_phases.PNG>]
<figures/zx_cz_to_matrix.PNG, id=164, 865.2325pt x 285.065pt>
File: figures/zx_cz_to_matrix.PNG Graphic file (type png)
<use figures/zx_cz_to_matrix.PNG>
Package luatex.def Info: figures/zx_cz_to_matrix.PNG  used on input line 340.
(luatex.def)             Requested size: 246.86896pt x 81.33571pt.
File: AICStyleData/logos/Symbol_AIC_Neon_Blue.png Graphic file (type png)
<use AICStyleData/logos/Symbol_AIC_Neon_Blue.png>
Package luatex.def Info: AICStyleData/logos/Symbol_AIC_Neon_Blue.png  used on i
nput line 340.
(luatex.def)             Requested size: 42.67912pt x 27.34561pt.

Overfull \vbox (17.40079pt too high) detected at line 340
 []

[22

<./figures/zx_cz_to_matrix.PNG>]
LaTeX Font Info:    Font shape `TU/Epilogue(0)/b/n' will be
(Font)              scaled to size 8.09995pt on input line 350.


LaTeX Warning: Citation `zx_for_working_qcs' on page 23 undefined on input line
 350.

File: AICStyleData/logos/Symbol_AIC_Neon_Blue.png Graphic file (type png)
<use AICStyleData/logos/Symbol_AIC_Neon_Blue.png>
Package luatex.def Info: AICStyleData/logos/Symbol_AIC_Neon_Blue.png  used on i
nput line 350.
(luatex.def)             Requested size: 42.67912pt x 27.34561pt.
[23

]
<figures/zx_cnot_derivation.PNG, id=175, 982.67125pt x 432.61626pt>
File: figures/zx_cnot_derivation.PNG Graphic file (type png)
<use figures/zx_cnot_derivation.PNG>
Package luatex.def Info: figures/zx_cnot_derivation.PNG  used on input line 356
.
(luatex.def)             Requested size: 329.15652pt x 144.90918pt.
File: AICStyleData/logos/Symbol_AIC_Neon_Blue.png Graphic file (type png)
<use AICStyleData/logos/Symbol_AIC_Neon_Blue.png>
Package luatex.def Info: AICStyleData/logos/Symbol_AIC_Neon_Blue.png  used on i
nput line 356.
(luatex.def)             Requested size: 42.67912pt x 27.34561pt.
 [24

<./figures/zx_cnot_derivation.PNG>]
<figures/zx_three_cnot_swap.PNG, id=181, 909.89937pt x 583.17876pt>
File: figures/zx_three_cnot_swap.PNG Graphic file (type png)
<use figures/zx_three_cnot_swap.PNG>
Package luatex.def Info: figures/zx_three_cnot_swap.PNG  used on input line 362
.
(luatex.def)             Requested size: 288.0096pt x 184.59213pt.
File: AICStyleData/logos/Symbol_AIC_Neon_Blue.png Graphic file (type png)
<use AICStyleData/logos/Symbol_AIC_Neon_Blue.png>
Package luatex.def Info: AICStyleData/logos/Symbol_AIC_Neon_Blue.png  used on i
nput line 362.
(luatex.def)             Requested size: 42.67912pt x 27.34561pt.

Overfull \vbox (19.4233pt too high) detected at line 362
 []

[25

<./figures/zx_three_cnot_swap.PNG>]
<figures/zx_cx_cz_identities.PNG, id=187, 1011.78pt x 546.04pt>
File: figures/zx_cx_cz_identities.PNG Graphic file (type png)
<use figures/zx_cx_cz_identities.PNG>
Package luatex.def Info: figures/zx_cx_cz_identities.PNG  used on input line 36
8.
(luatex.def)             Requested size: 288.0096pt x 155.43138pt.
File: AICStyleData/logos/Symbol_AIC_Neon_Blue.png Graphic file (type png)
<use AICStyleData/logos/Symbol_AIC_Neon_Blue.png>
Package luatex.def Info: AICStyleData/logos/Symbol_AIC_Neon_Blue.png  used on i
nput line 368.
(luatex.def)             Requested size: 42.67912pt x 27.34561pt.
 [26

<./figures/zx_cx_cz_identities.PNG>]
<figures/zx_bell_state_prep.PNG, id=193, 1125.20375pt x 511.9125pt>
File: figures/zx_bell_state_prep.PNG Graphic file (type png)
<use figures/zx_bell_state_prep.PNG>
Package luatex.def Info: figures/zx_bell_state_prep.PNG  used on input line 374
.
(luatex.def)             Requested size: 329.15652pt x 149.74747pt.
File: AICStyleData/logos/Symbol_AIC_Neon_Blue.png Graphic file (type png)
<use AICStyleData/logos/Symbol_AIC_Neon_Blue.png>
Package luatex.def Info: AICStyleData/logos/Symbol_AIC_Neon_Blue.png  used on i
nput line 374.
(luatex.def)             Requested size: 42.67912pt x 27.34561pt.

[27

<./figures/zx_bell_state_prep.PNG>]
<figures/zx_remove_oneone.png, id=199, 820.2645pt x 375.20175pt>
File: figures/zx_remove_oneone.png Graphic file (type png)
<use figures/zx_remove_oneone.png>
Package luatex.def Info: figures/zx_remove_oneone.png  used on input line 381.
(luatex.def)             Requested size: 329.15652pt x 150.55894pt.
LaTeX Font Info:    Font shape `TU/Epilogue(0)/m/n' will be
(Font)              scaled to size 10.79993pt on input line 381.
LaTeX Font Info:    Font shape `TU/Epilogue(0)/m/n' will be
(Font)              scaled to size 8.99994pt on input line 381.
LaTeX Font Info:    Font shape `TU/Epilogue(0)/m/it' will be
(Font)              scaled to size 15.55188pt on input line 381.
LaTeX Font Info:    Font shape `TU/Epilogue(0)/m/it' will be
(Font)              scaled to size 10.79993pt on input line 381.
LaTeX Font Info:    Font shape `TU/Epilogue(0)/m/it' will be
(Font)              scaled to size 8.99994pt on input line 381.
File: AICStyleData/logos/Symbol_AIC_Neon_Blue.png Graphic file (type png)
<use AICStyleData/logos/Symbol_AIC_Neon_Blue.png>
Package luatex.def Info: AICStyleData/logos/Symbol_AIC_Neon_Blue.png  used on i
nput line 381.
(luatex.def)             Requested size: 42.67912pt x 27.34561pt.

Overfull \vbox (6.79587pt too high) detected at line 381
 []

[28

<./figures/zx_remove_oneone.png>]
File: AICStyleData/logos/Symbol_AIC_Neon_Blue.png Graphic file (type png)
<use AICStyleData/logos/Symbol_AIC_Neon_Blue.png>
Package luatex.def Info: AICStyleData/logos/Symbol_AIC_Neon_Blue.png  used on i
nput line 385.
(luatex.def)             Requested size: 42.67912pt x 27.34561pt.
File: AICStyleData/logos/Logo shape light_rotated.png Graphic file (type png)
<use AICStyleData/logos/Logo shape light_rotated.png>
Package luatex.def Info: AICStyleData/logos/Logo shape light_rotated.png  used 
on input line 385.
(luatex.def)             Requested size: 455.24408pt x 255.91815pt.
 [29

]
<figures/covalent_bond.png, id=215, 197.538pt x 121.6545pt>
File: figures/covalent_bond.png Graphic file (type png)
<use figures/covalent_bond.png>
Package luatex.def Info: figures/covalent_bond.png  used on input line 394.
(luatex.def)             Requested size: 205.72205pt x 126.69774pt.
File: AICStyleData/logos/Symbol_AIC_Neon_Blue.png Graphic file (type png)
<use AICStyleData/logos/Symbol_AIC_Neon_Blue.png>
Package luatex.def Info: AICStyleData/logos/Symbol_AIC_Neon_Blue.png  used on i
nput line 394.
(luatex.def)             Requested size: 42.67912pt x 27.34561pt.
 [30

<./figures/covalent_bond.png>]
<figures/spin_one_proj.png, id=222, 314.3745pt x 91.542pt>
File: figures/spin_one_proj.png Graphic file (type png)
<use figures/spin_one_proj.png>
Package luatex.def Info: figures/spin_one_proj.png  used on input line 405.
(luatex.def)             Requested size: 329.15652pt x 95.85515pt.
File: AICStyleData/logos/Symbol_AIC_Neon_Blue.png Graphic file (type png)
<use AICStyleData/logos/Symbol_AIC_Neon_Blue.png>
Package luatex.def Info: AICStyleData/logos/Symbol_AIC_Neon_Blue.png  used on i
nput line 405.
(luatex.def)             Requested size: 42.67912pt x 27.34561pt.

[31

<./figures/spin_one_proj.png>]
<figures/aklt_valence_bond.PNG, id=230, 890.82813pt x 303.1325pt>
File: figures/aklt_valence_bond.PNG Graphic file (type png)
<use figures/aklt_valence_bond.PNG>
Package luatex.def Info: figures/aklt_valence_bond.PNG  used on input line 412.

(luatex.def)             Requested size: 370.29716pt x 126.00578pt.
 [32

<./figures/aklt_valence_bond.PNG>]
<figures/aklt_valence_bond_plus_projector.PNG, id=236, 904.37875pt x 466.74374p
t>
File: figures/aklt_valence_bond_plus_projector.PNG Graphic file (type png)
<use figures/aklt_valence_bond_plus_projector.PNG>
Package luatex.def Info: figures/aklt_valence_bond_plus_projector.PNG  used on 
input line 420.
(luatex.def)             Requested size: 370.29716pt x 191.10266pt.

Overfull \vbox (1.55786pt too high) detected at line 420
 []

[33

<./figures/aklt_valence_bond_plus_projector.PNG>]
<figures/mpl_matrix_graph_reduction_m1.PNG, id=242, 387.24675pt x 298.11375pt>
File: figures/mpl_matrix_graph_reduction_m1.PNG Graphic file (type png)
<use figures/mpl_matrix_graph_reduction_m1.PNG>
Package luatex.def Info: figures/mpl_matrix_graph_reduction_m1.PNG  used on inp
ut line 427.
(luatex.def)             Requested size: 329.15652pt x 253.41153pt.

Overfull \vbox (48.08879pt too high) detected at line 427
 []

[34

<./figures/mpl_matrix_graph_reduction_m1.PNG>]
<figures/zx_hidden_string_order_strategy.png, id=249, 820.86674pt x 313.17pt>
File: figures/zx_hidden_string_order_strategy.png Graphic file (type png)
<use figures/zx_hidden_string_order_strategy.png>
Package luatex.def Info: figures/zx_hidden_string_order_strategy.png  used on i
nput line 435.
(luatex.def)             Requested size: 329.15652pt x 125.57637pt.
File: AICStyleData/logos/Symbol_AIC_Neon_Blue.png Graphic file (type png)
<use AICStyleData/logos/Symbol_AIC_Neon_Blue.png>
Package luatex.def Info: AICStyleData/logos/Symbol_AIC_Neon_Blue.png  used on i
nput line 435.
(luatex.def)             Requested size: 42.67912pt x 27.34561pt.
 [35

<./figures/zx_hidden_string_order_strategy.png>]
<figures/zx_hidden_string_order_simplify_zero_projections.png, id=256, 843.15pt
 x 216.81pt>
File: figures/zx_hidden_string_order_simplify_zero_projections.png Graphic file
 (type png)
<use figures/zx_hidden_string_order_simplify_zero_projections.png>
Package luatex.def Info: figures/zx_hidden_string_order_simplify_zero_projectio
ns.png  used on input line 446.
(luatex.def)             Requested size: 411.44409pt x 105.80113pt.
<figures/zx_hidden_string_order_simplify_zero_projections_final.png, id=257, 34
6.29375pt x 222.8325pt>
File: figures/zx_hidden_string_order_simplify_zero_projections_final.png Graphi
c file (type png)
<use figures/zx_hidden_string_order_simplify_zero_projections_final.png>
Package luatex.def Info: figures/zx_hidden_string_order_simplify_zero_projectio
ns_final.png  used on input line 446.
(luatex.def)             Requested size: 123.43448pt x 79.4274pt.

Overfull \vbox (18.37735pt too high) detected at line 446
 []

[36

<./figures/zx_hidden_string_order_simplify_zero_projections.png><./figures/zx_hi
dden_string_order_simplify_zero_projections_final.png>]
File: AICStyleData/logos/Symbol_AIC_Neon_Blue.png Graphic file (type png)
<use AICStyleData/logos/Symbol_AIC_Neon_Blue.png>
Package luatex.def Info: AICStyleData/logos/Symbol_AIC_Neon_Blue.png  used on i
nput line 456.
(luatex.def)             Requested size: 42.67912pt x 27.34561pt.
 [37

]
<figures/zx_berry_phase_state.png, id=270, 741.972pt x 422.7795pt>
File: figures/zx_berry_phase_state.png Graphic file (type png)
<use figures/zx_berry_phase_state.png>
Package luatex.def Info: figures/zx_berry_phase_state.png  used on input line 4
63.
(luatex.def)             Requested size: 329.15652pt x 187.55246pt.
 [38

<./figures/zx_berry_phase_state.png>]
<figures/zx_berry_phase_integral.png, id=277, 829.29825pt x 462.528pt>
File: figures/zx_berry_phase_integral.png Graphic file (type png)
<use figures/zx_berry_phase_integral.png>
Package luatex.def Info: figures/zx_berry_phase_integral.png  used on input lin
e 469.
(luatex.def)             Requested size: 329.15652pt x 183.58228pt.
 [39

<./figures/zx_berry_phase_integral.png>] [40

]
File: AICStyleData/logos/Symbol_AIC_Neon_Blue.png Graphic file (type png)
<use AICStyleData/logos/Symbol_AIC_Neon_Blue.png>
Package luatex.def Info: AICStyleData/logos/Symbol_AIC_Neon_Blue.png  used on i
nput line 483.
(luatex.def)             Requested size: 42.67912pt x 27.34561pt.
File: AICStyleData/logos/Logo shape light_rotated.png Graphic file (type png)
<use AICStyleData/logos/Logo shape light_rotated.png>
Package luatex.def Info: AICStyleData/logos/Logo shape light_rotated.png  used 
on input line 483.
(luatex.def)             Requested size: 455.24408pt x 255.91815pt.

[41

]
<figures/two_dim_aklt_on_honeycomb.png, id=299, 377.0085pt x 307.74976pt>
File: figures/two_dim_aklt_on_honeycomb.png Graphic file (type png)
<use figures/two_dim_aklt_on_honeycomb.png>
Package luatex.def Info: figures/two_dim_aklt_on_honeycomb.png  used on input l
ine 491.
(luatex.def)             Requested size: 246.86896pt x 201.51886pt.
File: AICStyleData/logos/Symbol_AIC_Neon_Blue.png Graphic file (type png)
<use AICStyleData/logos/Symbol_AIC_Neon_Blue.png>
Package luatex.def Info: AICStyleData/logos/Symbol_AIC_Neon_Blue.png  used on i
nput line 491.
(luatex.def)             Requested size: 42.67912pt x 27.34561pt.

Overfull \vbox (36.35002pt too high) detected at line 491
 []

[42

<./figures/two_dim_aklt_on_honeycomb.png>]
<figures/spin_three_half_projector.png, id=306, 313.77225pt x 155.3805pt>
File: figures/spin_three_half_projector.png Graphic file (type png)
<use figures/spin_three_half_projector.png>
Package luatex.def Info: figures/spin_three_half_projector.png  used on input l
ine 498.
(luatex.def)             Requested size: 329.15652pt x 163.00969pt.
File: AICStyleData/logos/Symbol_AIC_Neon_Blue.png Graphic file (type png)
<use AICStyleData/logos/Symbol_AIC_Neon_Blue.png>
Package luatex.def Info: AICStyleData/logos/Symbol_AIC_Neon_Blue.png  used on i
nput line 498.
(luatex.def)             Requested size: 42.67912pt x 27.34561pt.
 [43

<./figures/spin_three_half_projector.png>]
<figures/zx_two_dim_aklt_on_honeycomb.png, id=313, 557.08125pt x 320.99925pt>
File: figures/zx_two_dim_aklt_on_honeycomb.png Graphic file (type png)
<use figures/zx_two_dim_aklt_on_honeycomb.png>
Package luatex.def Info: figures/zx_two_dim_aklt_on_honeycomb.png  used on inpu
t line 505.
(luatex.def)             Requested size: 370.29716pt x 213.37364pt.
 [44

<./figures/zx_two_dim_aklt_on_honeycomb.png>]

LaTeX Warning: Citation `wei2011_aklt_honeycomb' on page 45 undefined on input 
line 518.

File: AICStyleData/logos/Symbol_AIC_Neon_Blue.png Graphic file (type png)
<use AICStyleData/logos/Symbol_AIC_Neon_Blue.png>
Package luatex.def Info: AICStyleData/logos/Symbol_AIC_Neon_Blue.png  used on i
nput line 518.
(luatex.def)             Requested size: 42.67912pt x 27.34561pt.
[45

] [46

]
<figures/zx_graph_state.PNG, id=330, 1065.9825pt x 434.62375pt>
File: figures/zx_graph_state.PNG Graphic file (type png)
<use figures/zx_graph_state.PNG>
Package luatex.def Info: figures/zx_graph_state.PNG  used on input line 544.
(luatex.def)             Requested size: 390.87062pt x 159.36253pt.
File: AICStyleData/logos/Symbol_AIC_Neon_Blue.png Graphic file (type png)
<use AICStyleData/logos/Symbol_AIC_Neon_Blue.png>
Package luatex.def Info: AICStyleData/logos/Symbol_AIC_Neon_Blue.png  used on i
nput line 544.
(luatex.def)             Requested size: 42.67912pt x 27.34561pt.
 [47

<./figures/zx_graph_state.PNG>]
<figures/povm_spiders_three_in_three_out.png, id=336, 202.356pt x 233.07076pt>
File: figures/povm_spiders_three_in_three_out.png Graphic file (type png)
<use figures/povm_spiders_three_in_three_out.png>
Package luatex.def Info: figures/povm_spiders_three_in_three_out.png  used on i
nput line 563.
(luatex.def)             Requested size: 148.11942pt x 170.60966pt.
<figures/povm_spiders_three_in_one_out.png, id=337, 214.401pt x 257.16075pt>
File: figures/povm_spiders_three_in_one_out.png Graphic file (type png)
<use figures/povm_spiders_three_in_one_out.png>
Package luatex.def Info: figures/povm_spiders_three_in_one_out.png  used on inp
ut line 563.
(luatex.def)             Requested size: 148.11942pt x 177.66476pt.
 [48

<./figures/povm_spiders_three_in_three_out.png><./figures/povm_spiders_three_in_
one_out.png>]
<figures/povm_measurment_simplified.png, id=345, 439.6425pt x 330.033pt>
File: figures/povm_measurment_simplified.png Graphic file (type png)
<use figures/povm_measurment_simplified.png>
Package luatex.def Info: figures/povm_measurment_simplified.png  used on input 
line 571.
(luatex.def)             Requested size: 275.66678pt x 206.94492pt.

Overfull \vbox (15.19261pt too high) detected at line 571
 []

[49

<./figures/povm_measurment_simplified.png>] [50

]
<figures/zx_graph_reduce_1.png, id=357, 457.71pt x 127.07475pt>
File: figures/zx_graph_reduce_1.png Graphic file (type png)
<use figures/zx_graph_reduce_1.png>
Package luatex.def Info: figures/zx_graph_reduce_1.png  used on input line 593.

(luatex.def)             Requested size: 329.15652pt x 91.3871pt.


LaTeX Warning: Citation `wei2011_aklt_honeycomb' on page 51 undefined on input 
line 593.

[51

<./figures/zx_graph_reduce_1.png>]
<figures/zx_graph_reduce_2.png, id=365, 755.82375pt x 137.313pt>
File: figures/zx_graph_reduce_2.png Graphic file (type png)
<use figures/zx_graph_reduce_2.png>
Package luatex.def Info: figures/zx_graph_reduce_2.png  used on input line 608.

(luatex.def)             Requested size: 329.15652pt x 59.79771pt.
<figures/zx_graph_reduce_3.png, id=366, 624.53325pt x 46.9755pt>
File: figures/zx_graph_reduce_3.png Graphic file (type png)
<use figures/zx_graph_reduce_3.png>
Package luatex.def Info: figures/zx_graph_reduce_3.png  used on input line 608.

(luatex.def)             Requested size: 329.15652pt x 24.75783pt.


LaTeX Warning: Citation `wei2011_aklt_honeycomb' on page 52 undefined on input 
line 608.

[52

<./figures/zx_graph_reduce_2.png><./figures/zx_graph_reduce_3.png>]
<figures/zx_graph_reduce_4.png, id=374, 742.57425pt x 477.58424pt>
File: figures/zx_graph_reduce_4.png Graphic file (type png)
<use figures/zx_graph_reduce_4.png>
Package luatex.def Info: figures/zx_graph_reduce_4.png  used on input line 614.

(luatex.def)             Requested size: 370.29716pt x 238.15753pt.

Overfull \vbox (16.97308pt too high) detected at line 614
 []

[53

<./figures/zx_graph_reduce_4.png>]
File: AICStyleData/logos/Symbol_AIC_Neon_Blue.png Graphic file (type png)
<use AICStyleData/logos/Symbol_AIC_Neon_Blue.png>
Package luatex.def Info: AICStyleData/logos/Symbol_AIC_Neon_Blue.png  used on i
nput line 617.
(luatex.def)             Requested size: 42.67912pt x 27.34561pt.
File: AICStyleData/logos/Logo shape light_rotated.png Graphic file (type png)
<use AICStyleData/logos/Logo shape light_rotated.png>
Package luatex.def Info: AICStyleData/logos/Logo shape light_rotated.png  used 
on input line 617.
(luatex.def)             Requested size: 455.24408pt x 255.91815pt.
 [54

]
<figures/fpyzx.png, id=390, 762.18773pt x 466.40227pt>
File: figures/fpyzx.png Graphic file (type png)
<use figures/fpyzx.png>
Package luatex.def Info: figures/fpyzx.png  used on input line 628.
(luatex.def)             Requested size: 205.72205pt x 125.88759pt.
File: AICStyleData/logos/Symbol_AIC_Neon_Blue.png Graphic file (type png)
<use AICStyleData/logos/Symbol_AIC_Neon_Blue.png>
Package luatex.def Info: AICStyleData/logos/Symbol_AIC_Neon_Blue.png  used on i
nput line 628.
(luatex.def)             Requested size: 42.67912pt x 27.34561pt.

Overfull \vbox (18.3509pt too high) detected at line 628
 []

[55

<./figures/fpyzx.png>]
File: AICStyleData/logos/Symbol_AIC_Neon_Blue.png Graphic file (type png)
<use AICStyleData/logos/Symbol_AIC_Neon_Blue.png>
Package luatex.def Info: AICStyleData/logos/Symbol_AIC_Neon_Blue.png  used on i
nput line 636.
(luatex.def)             Requested size: 42.67912pt x 27.34561pt.
 [56

]

Package hyperref Warning: Token not allowed in a PDF string (Unicode):
(hyperref)                removing `\translate ' on input line 664.

File: AICStyleData/logos/Symbol_AIC_Neon_Blue.png Graphic file (type png)
<use AICStyleData/logos/Symbol_AIC_Neon_Blue.png>
Package luatex.def Info: AICStyleData/logos/Symbol_AIC_Neon_Blue.png  used on i
nput line 664.
(luatex.def)             Requested size: 42.67912pt x 27.34561pt.
File: AICStyleData/logos/Logo shape light_rotated.png Graphic file (type png)
<use AICStyleData/logos/Logo shape light_rotated.png>
Package luatex.def Info: AICStyleData/logos/Logo shape light_rotated.png  used 
on input line 664.
(luatex.def)             Requested size: 455.24408pt x 255.91815pt.
[57

]
File: figures/zx_rewrite_rules_p1.png Graphic file (type png)
<use figures/zx_rewrite_rules_p1.png>
Package luatex.def Info: figures/zx_rewrite_rules_p1.png  used on input line 66
9.
(luatex.def)             Requested size: 411.44409pt x 144.76537pt.
File: AICStyleData/logos/Symbol_AIC_Neon_Blue.png Graphic file (type png)
<use AICStyleData/logos/Symbol_AIC_Neon_Blue.png>
Package luatex.def Info: AICStyleData/logos/Symbol_AIC_Neon_Blue.png  used on i
nput line 669.
(luatex.def)             Requested size: 42.67912pt x 27.34561pt.
 [58

]
<figures/zx_rewrite_rules_p2.png, id=416, 454.69875pt x 257.763pt>
File: figures/zx_rewrite_rules_p2.png Graphic file (type png)
<use figures/zx_rewrite_rules_p2.png>
Package luatex.def Info: figures/zx_rewrite_rules_p2.png  used on input line 67
5.
(luatex.def)             Requested size: 411.44409pt x 233.2471pt.

Overfull \vbox (12.06265pt too high) detected at line 675
 []

[59

<./figures/zx_rewrite_rules_p2.png>]
<figures/zx_rewrite_rules_p3.png, id=423, 853.38824pt x 436.63126pt>
File: figures/zx_rewrite_rules_p3.png Graphic file (type png)
<use figures/zx_rewrite_rules_p3.png>
Package luatex.def Info: figures/zx_rewrite_rules_p3.png  used on input line 68
1.
(luatex.def)             Requested size: 411.44409pt x 210.51337pt.
 [60

<./figures/zx_rewrite_rules_p3.png>]
File: AICStyleData/logos/Symbol_AIC_Neon_Blue.png Graphic file (type png)
<use AICStyleData/logos/Symbol_AIC_Neon_Blue.png>
Package luatex.def Info: AICStyleData/logos/Symbol_AIC_Neon_Blue.png  used on i
nput line 692.
(luatex.def)             Requested size: 42.67912pt x 27.34561pt.
[61

]
<figures/cswap_two_qbit.png, id=436, 191.5155pt x 83.1105pt>
File: figures/cswap_two_qbit.png Graphic file (type png)
<use figures/cswap_two_qbit.png>
Package luatex.def Info: figures/cswap_two_qbit.png  used on input line 706.
(luatex.def)             Requested size: 246.86896pt x 107.1394pt.
 [62

<./figures/cswap_two_qbit.png>]
LaTeX Font Info:    Trying to load font information for U+euf on input line 719
.

(C:/Users/timot/AppData/Local/Programs/MiKTeX/tex/latex/amsfonts/ueuf.fd
File: ueuf.fd 2013/01/14 v3.01 Euler Fraktur
)
File: AICStyleData/logos/Symbol_AIC_Neon_Blue.png Graphic file (type png)
<use AICStyleData/logos/Symbol_AIC_Neon_Blue.png>
Package luatex.def Info: AICStyleData/logos/Symbol_AIC_Neon_Blue.png  used on i
nput line 719.
(luatex.def)             Requested size: 42.67912pt x 27.34561pt.

[63

] [64

]
File: AICStyleData/logos/Symbol_AIC_Neon_Blue.png Graphic file (type png)
<use AICStyleData/logos/Symbol_AIC_Neon_Blue.png>
Package luatex.def Info: AICStyleData/logos/Symbol_AIC_Neon_Blue.png  used on i
nput line 749.
(luatex.def)             Requested size: 42.67912pt x 27.34561pt.
 [65

] [66

]
File: AICStyleData/logos/Symbol_AIC_Neon_Blue.png Graphic file (type png)
<use AICStyleData/logos/Symbol_AIC_Neon_Blue.png>
Package luatex.def Info: AICStyleData/logos/Symbol_AIC_Neon_Blue.png  used on i
nput line 773.
(luatex.def)             Requested size: 42.67912pt x 27.34561pt.
 [67

] [68

] [69

] [70

]
File: AICStyleData/logos/Symbol_AIC_Neon_Blue.png Graphic file (type png)
<use AICStyleData/logos/Symbol_AIC_Neon_Blue.png>
Package luatex.def Info: AICStyleData/logos/Symbol_AIC_Neon_Blue.png  used on i
nput line 831.
(luatex.def)             Requested size: 42.67912pt x 27.34561pt.
File: AICStyleData/logos/Logo shape light_rotated.png Graphic file (type png)
<use AICStyleData/logos/Logo shape light_rotated.png>
Package luatex.def Info: AICStyleData/logos/Logo shape light_rotated.png  used 
on input line 831.
(luatex.def)             Requested size: 455.24408pt x 255.91815pt.
 [71

]

LaTeX Warning: File `figures/zx_cnot_swap.PNG' not found on input line 837.


c:/Users/timot/OneDrive/Documents/GitHub/beamer_presentations/AKLT states as ZX 
diagrams/main.tex:837: Package luatex.def Error: File `figures/zx_cnot_swap.PNG
' not found: using draft setting.

See the luatex.def package documentation for explanation.
Type  H <return>  for immediate help.
 ...                                              
                                                  
l.837 \end{frame}
               
Try typing  <return>  to proceed.
If that doesn't work, type  X <return>  to quit.

File: AICStyleData/logos/Symbol_AIC_Neon_Blue.png Graphic file (type png)
<use AICStyleData/logos/Symbol_AIC_Neon_Blue.png>
Package luatex.def Info: AICStyleData/logos/Symbol_AIC_Neon_Blue.png  used on i
nput line 837.
(luatex.def)             Requested size: 42.67912pt x 27.34561pt.

Overfull \vbox (246.38832pt too high) detected at line 837
 []

[72

]
File: AICStyleData/logos/Symbol_AIC_Neon_Blue.png Graphic file (type png)
<use AICStyleData/logos/Symbol_AIC_Neon_Blue.png>
Package luatex.def Info: AICStyleData/logos/Symbol_AIC_Neon_Blue.png  used on i
nput line 862.
(luatex.def)             Requested size: 42.67912pt x 27.34561pt.
 [73

<C:/Users/timot/AppData/Local/Programs/MiKTeX/tex/latex/beamer/beamericonarticle
.pdf>]
File: AICStyleData/logos/Logo shape dark_rotated.png Graphic file (type png)
<use AICStyleData/logos/Logo shape dark_rotated.png>
Package luatex.def Info: AICStyleData/logos/Logo shape dark_rotated.png  used o
n input line 869.
(luatex.def)             Requested size: 455.24408pt x 256.43723pt.
 [74

]
\tf@nav=\write6

\openout6 = main.nav
\tf@toc=\write7

\openout7 = main.toc
\tf@snm=\write8

\openout8 = main.snm
 (./main.aux)

LaTeX Warning: There were undefined references.


LaTeX Warning: Label(s) may have changed. Rerun to get cross-references right.


Package rerunfilecheck Warning: File `main.out' has changed.
(rerunfilecheck)                Rerun to get outlines right
(rerunfilecheck)                or use package `bookmark'.

Package rerunfilecheck Info: Checksums for `main.out':
(rerunfilecheck)             Before: <no file>
(rerunfilecheck)             After:  B115FB1E26E381A56871B6BFF51A8D14;1087.
)

Here is how much of LuaTeX's memory you used:
 31355 strings out of 477475
 100000,1144653 words of node,token memory allocated
 3490 words of node memory still in use:
   38 hlist, 9 vlist, 5 rule, 8 disc, 6 local_par, 108 glue, 30 kern, 16 penalty
, 149 glyph, 102 attribute, 62 glue_spec, 102 attribute_list, 5 write, 1 save_po
s, 17 pdf_literal, 12 pdf_colorstack nodes
   avail lists: 2:638,3:201,4:210,5:411,6:39,7:2855,8:59,9:955,10:23,11:166
 50137 multiletter control sequences out of 65536+600000
 129 fonts using 13081767 bytes
 128i,22n,126p,577b,885s stack positions out of 10000i,1000n,20000p,200000b,80000s
<//?/c:/users/timot/appdata/local/programs/miktex/fonts/opentype/public/lm/lmmon
o9-regular.otf><//?/c:/users/timot/appdata/local/programs/miktex/fonts/opentype/
public/lm/lmmono10-regular.otf><//?/c:/users/timot/appdata/local/programs/miktex
/fonts/opentype/public/lm/lmroman10-regular.otf><//?/c:/users/timot/appdata/loca
l/programs/miktex/fonts/opentype/public/lm/lmromandemi10-regular.otf><./AICStyle
Data/epilogueFont/Epilogue-Italic.ttf><./AICStyleData/epilogueFont/Epilogue-Regu
lar.ttf><./AICStyleData/epilogueFont/Epilogue-Bold.ttf><C:/Users/timot/AppData/L
ocal/Programs/MiKTeX/fonts/type1/public/amsfonts/cm/cmex10.pfb><C:/Users/timot/A
ppData/Local/Programs/MiKTeX/fonts/type1/public/amsfonts/cm/cmmi10.pfb><C:/Users
/timot/AppData/Local/Programs/MiKTeX/fonts/type1/public/amsfonts/cm/cmmi8.pfb><C
:/Users/timot/AppData/Local/Programs/MiKTeX/fonts/type1/public/amsfonts/cm/cmmi9
.pfb><C:/Users/timot/AppData/Local/Programs/MiKTeX/fonts/type1/public/amsfonts/c
m/cmmib10.pfb><C:/Users/timot/AppData/Local/Programs/MiKTeX/fonts/type1/public/a
msfonts/cmextra/cmmib8.pfb><C:/Users/timot/AppData/Local/Programs/MiKTeX/fonts/t
ype1/public/amsfonts/cm/cmr10.pfb><C:/Users/timot/AppData/Local/Programs/MiKTeX/
fonts/type1/public/amsfonts/cm/cmr17.pfb><C:/Users/timot/AppData/Local/Programs/
MiKTeX/fonts/type1/public/amsfonts/cm/cmr6.pfb><C:/Users/timot/AppData/Local/Pro
grams/MiKTeX/fonts/type1/public/amsfonts/cm/cmr8.pfb><C:/Users/timot/AppData/Loc
al/Programs/MiKTeX/fonts/type1/public/amsfonts/cm/cmr9.pfb><C:/Users/timot/AppDa
ta/Local/Programs/MiKTeX/fonts/type1/public/amsfonts/cm/cmsy10.pfb><C:/Users/tim
ot/AppData/Local/Programs/MiKTeX/fonts/type1/public/amsfonts/cm/cmsy6.pfb><C:/Us
ers/timot/AppData/Local/Programs/MiKTeX/fonts/type1/public/amsfonts/cm/cmsy8.pfb
><C:/Users/timot/AppData/Local/Programs/MiKTeX/fonts/type1/public/amsfonts/cm/cm
sy9.pfb><C:/Users/timot/AppData/Local/Programs/MiKTeX/fonts/type1/public/amsfont
s/euler/eufm10.pfb><C:/Users/timot/AppData/Local/Programs/MiKTeX/fonts/type1/pub
lic/amsfonts/symbols/msbm10.pfb>
Output written on main.pdf (74 pages, 5416474 bytes).

PDF statistics: 623 PDF objects out of 1000 (max. 8388607)
 160 named destinations out of 1000 (max. 131072)
 26 words of extra memory for PDF output out of 10000 (max. 100000000)

